{"timestamp":"2026-04-17T14:26:10.500930Z","level":"info","event":"DAG bundles loaded: dags-folder","logger":"airflow.dag_processing.bundles.manager.DagBundlesManager","filename":"manager.py","lineno":209}
{"timestamp":"2026-04-17T14:26:10.514425Z","level":"info","event":"Filling up the DagBag from /opt/airflow/dags/streaming_with_kafka.py","logger":"airflow.dag_processing.dagbag.BundleDagBag","filename":"dagbag.py","lineno":469}
{"timestamp":"2026-04-17T14:26:12.154296Z","level":"error","event":"Spark job failed!","logger":"unusual_prefix_d22024e3fefcf13b200722fad73a7e59e7a33f51_streaming_with_kafka","filename":"streaming_with_kafka.py","lineno":342}
{"timestamp":"2026-04-17T14:26:12.155870Z","level":"error","event":"--- Logging error ---","logger":"task.stderr"}
{"timestamp":"2026-04-17T14:26:12.167238Z","level":"error","event":"Traceback (most recent call last):","logger":"task.stderr"}
{"timestamp":"2026-04-17T14:26:12.168046Z","level":"error","event":"  File \"/opt/airflow/dags/streaming_with_kafka.py\", line 332, in submit_spark","logger":"task.stderr"}
{"timestamp":"2026-04-17T14:26:12.169036Z","level":"error","event":"    result = subprocess.run(","logger":"task.stderr"}
{"timestamp":"2026-04-17T14:26:12.169646Z","level":"error","event":"             ^^^^^^^^^^^^^^^","logger":"task.stderr"}
{"timestamp":"2026-04-17T14:26:12.170326Z","level":"error","event":"  File \"/usr/python/lib/python3.12/subprocess.py\", line 571, in run","logger":"task.stderr"}
{"timestamp":"2026-04-17T14:26:12.170760Z","level":"error","event":"    raise CalledProcessError(retcode, process.args,","logger":"task.stderr"}
{"timestamp":"2026-04-17T14:26:12.171286Z","level":"error","event":"subprocess.CalledProcessError: Command '['docker', 'exec', 'spark-master', '/opt/spark/bin/spark-submit', '--master', 'spark://spark-master:7077', '--deploy-mode', 'client', '/opt/spark_jobs/jobs/spark_streaming_job.py']' returned non-zero exit status 1.","logger":"task.stderr"}
{"timestamp":"2026-04-17T14:26:12.171697Z","level":"error","event":"","logger":"task.stderr"}
{"timestamp":"2026-04-17T14:26:12.172084Z","level":"error","event":"During handling of the above exception, another exception occurred:","logger":"task.stderr"}
{"timestamp":"2026-04-17T14:26:12.172477Z","level":"error","event":"","logger":"task.stderr"}
{"timestamp":"2026-04-17T14:26:12.172884Z","level":"error","event":"Traceback (most recent call last):","logger":"task.stderr"}
{"timestamp":"2026-04-17T14:26:12.173391Z","level":"error","event":"  File \"/usr/python/lib/python3.12/logging/__init__.py\", line 1160, in emit","logger":"task.stderr"}
{"timestamp":"2026-04-17T14:26:12.173904Z","level":"error","event":"    msg = self.format(record)","logger":"task.stderr"}
{"timestamp":"2026-04-17T14:26:12.174373Z","level":"error","event":"          ^^^^^^^^^^^^^^^^^^^","logger":"task.stderr"}
{"timestamp":"2026-04-17T14:26:12.174882Z","level":"error","event":"  File \"/usr/python/lib/python3.12/logging/__init__.py\", line 999, in format","logger":"task.stderr"}
{"timestamp":"2026-04-17T14:26:12.175253Z","level":"error","event":"    return fmt.format(record)","logger":"task.stderr"}
{"timestamp":"2026-04-17T14:26:12.175632Z","level":"error","event":"           ^^^^^^^^^^^^^^^^^^","logger":"task.stderr"}
{"timestamp":"2026-04-17T14:26:12.175968Z","level":"error","event":"  File \"/home/airflow/.local/lib/python3.12/site-packages/structlog/stdlib.py\", line 1154, in format","logger":"task.stderr"}
{"timestamp":"2026-04-17T14:26:12.176307Z","level":"error","event":"    ed = cast(EventDict, proc(logger, meth_name, ed))","logger":"task.stderr"}
{"timestamp":"2026-04-17T14:26:12.176749Z","level":"error","event":"                         ^^^^^^^^^^^^^^^^^^^^^^^^^^^","logger":"task.stderr"}
{"timestamp":"2026-04-17T14:26:12.177127Z","level":"error","event":"  File \"/home/airflow/.local/lib/python3.12/site-packages/structlog/stdlib.py\", line 767, in __call__","logger":"task.stderr"}
{"timestamp":"2026-04-17T14:26:12.177478Z","level":"error","event":"    event_dict[\"event\"] %= args","logger":"task.stderr"}
{"timestamp":"2026-04-17T14:26:12.178094Z","level":"error","event":"TypeError: not all arguments converted during string formatting","logger":"task.stderr"}
{"timestamp":"2026-04-17T14:26:12.178640Z","level":"error","event":"Call stack:","logger":"task.stderr"}
{"timestamp":"2026-04-17T14:26:12.193838Z","level":"error","event":"  File \"/home/airflow/.local/bin/airflow\", line 6, in <module>","logger":"task.stderr"}
{"timestamp":"2026-04-17T14:26:12.194384Z","level":"error","event":"    sys.exit(main())","logger":"task.stderr"}
{"timestamp":"2026-04-17T14:26:12.194906Z","level":"error","event":"  File \"/home/airflow/.local/lib/python3.12/site-packages/airflow/__main__.py\", line 55, in main","logger":"task.stderr"}
{"timestamp":"2026-04-17T14:26:12.195362Z","level":"error","event":"    args.func(args)","logger":"task.stderr"}
{"timestamp":"2026-04-17T14:26:12.195804Z","level":"error","event":"  File \"/home/airflow/.local/lib/python3.12/site-packages/airflow/cli/cli_config.py\", line 49, in command","logger":"task.stderr"}
{"timestamp":"2026-04-17T14:26:12.196204Z","level":"error","event":"    return func(*args, **kwargs)","logger":"task.stderr"}
{"timestamp":"2026-04-17T14:26:12.196594Z","level":"error","event":"  File \"/home/airflow/.local/lib/python3.12/site-packages/airflow/utils/cli.py\", line 113, in wrapper","logger":"task.stderr"}
{"timestamp":"2026-04-17T14:26:12.196959Z","level":"error","event":"    return f(*args, **kwargs)","logger":"task.stderr"}
{"timestamp":"2026-04-17T14:26:12.197353Z","level":"error","event":"  File \"/home/airflow/.local/lib/python3.12/site-packages/airflow/providers/celery/cli/celery_command.py\", line 67, in wrapper","logger":"task.stderr"}
{"timestamp":"2026-04-17T14:26:12.197854Z","level":"error","event":"    providers_configuration_loaded(func)(*args, **kwargs)","logger":"task.stderr"}
{"timestamp":"2026-04-17T14:26:12.198282Z","level":"error","event":"  File \"/home/airflow/.local/lib/python3.12/site-packages/airflow/utils/providers_configuration_loader.py\", line 54, in wrapped_function","logger":"task.stderr"}
{"timestamp":"2026-04-17T14:26:12.198716Z","level":"error","event":"    return func(*args, **kwargs)","logger":"task.stderr"}
{"timestamp":"2026-04-17T14:26:12.199106Z","level":"error","event":"  File \"/home/airflow/.local/lib/python3.12/site-packages/airflow/providers/celery/cli/celery_command.py\", line 320, in worker","logger":"task.stderr"}
{"timestamp":"2026-04-17T14:26:12.199468Z","level":"error","event":"    _run_command_with_daemon_option(","logger":"task.stderr"}
{"timestamp":"2026-04-17T14:26:12.199816Z","level":"error","event":"  File \"/home/airflow/.local/lib/python3.12/site-packages/airflow/providers/celery/cli/celery_command.py\", line 53, in _run_command_with_daemon_option","logger":"task.stderr"}
{"timestamp":"2026-04-17T14:26:12.200214Z","level":"error","event":"    run_command_with_daemon_option(*args, **kwargs)","logger":"task.stderr"}
{"timestamp":"2026-04-17T14:26:12.200591Z","level":"error","event":"  File \"/home/airflow/.local/lib/python3.12/site-packages/airflow/cli/commands/daemon_utils.py\", line 86, in run_command_with_daemon_option","logger":"task.stderr"}
{"timestamp":"2026-04-17T14:26:12.201005Z","level":"error","event":"    callback()","logger":"task.stderr"}
{"timestamp":"2026-04-17T14:26:12.201362Z","level":"error","event":"  File \"/home/airflow/.local/lib/python3.12/site-packages/airflow/providers/celery/cli/celery_command.py\", line 313, in run_celery_worker","logger":"task.stderr"}
{"timestamp":"2026-04-17T14:26:12.201709Z","level":"error","event":"    celery_app.worker_main(options)","logger":"task.stderr"}
{"timestamp":"2026-04-17T14:26:12.202279Z","level":"error","event":"  File \"/home/airflow/.local/lib/python3.12/site-packages/celery/app/base.py\", line 487, in worker_main","logger":"task.stderr"}
{"timestamp":"2026-04-17T14:26:12.202878Z","level":"error","event":"    self.start(argv=argv)","logger":"task.stderr"}
{"timestamp":"2026-04-17T14:26:12.203453Z","level":"error","event":"  File \"/home/airflow/.local/lib/python3.12/site-packages/celery/app/base.py\", line 467, in start","logger":"task.stderr"}
{"timestamp":"2026-04-17T14:26:12.204068Z","level":"error","event":"    celery.main(args=argv, standalone_mode=False)","logger":"task.stderr"}
{"timestamp":"2026-04-17T14:26:12.204481Z","level":"error","event":"  File \"/home/airflow/.local/lib/python3.12/site-packages/click/core.py\", line 1406, in main","logger":"task.stderr"}
{"timestamp":"2026-04-17T14:26:12.204961Z","level":"error","event":"    rv = self.invoke(ctx)","logger":"task.stderr"}
{"timestamp":"2026-04-17T14:26:12.205324Z","level":"error","event":"  File \"/home/airflow/.local/lib/python3.12/site-packages/click/core.py\", line 1873, in invoke","logger":"task.stderr"}
{"timestamp":"2026-04-17T14:26:12.205826Z","level":"error","event":"    return _process_result(sub_ctx.command.invoke(sub_ctx))","logger":"task.stderr"}
{"timestamp":"2026-04-17T14:26:12.206213Z","level":"error","event":"  File \"/home/airflow/.local/lib/python3.12/site-packages/click/core.py\", line 1269, in invoke","logger":"task.stderr"}
{"timestamp":"2026-04-17T14:26:12.206569Z","level":"error","event":"    return ctx.invoke(self.callback, **ctx.params)","logger":"task.stderr"}
{"timestamp":"2026-04-17T14:26:12.206985Z","level":"error","event":"  File \"/home/airflow/.local/lib/python3.12/site-packages/click/core.py\", line 824, in invoke","logger":"task.stderr"}
{"timestamp":"2026-04-17T14:26:12.207306Z","level":"error","event":"    return callback(*args, **kwargs)","logger":"task.stderr"}
{"timestamp":"2026-04-17T14:26:12.207655Z","level":"error","event":"  File \"/home/airflow/.local/lib/python3.12/site-packages/click/decorators.py\", line 34, in new_func","logger":"task.stderr"}
{"timestamp":"2026-04-17T14:26:12.207958Z","level":"error","event":"    return f(get_current_context(), *args, **kwargs)","logger":"task.stderr"}
{"timestamp":"2026-04-17T14:26:12.208246Z","level":"error","event":"  File \"/home/airflow/.local/lib/python3.12/site-packages/celery/bin/base.py\", line 135, in caller","logger":"task.stderr"}
{"timestamp":"2026-04-17T14:26:12.208539Z","level":"error","event":"    return f(ctx, *args, **kwargs)","logger":"task.stderr"}
{"timestamp":"2026-04-17T14:26:12.208864Z","level":"error","event":"  File \"/home/airflow/.local/lib/python3.12/site-packages/celery/bin/worker.py\", line 367, in worker","logger":"task.stderr"}
{"timestamp":"2026-04-17T14:26:12.209154Z","level":"error","event":"    worker.start()","logger":"task.stderr"}
{"timestamp":"2026-04-17T14:26:12.209481Z","level":"error","event":"  File \"/home/airflow/.local/lib/python3.12/site-packages/celery/worker/worker.py\", line 203, in start","logger":"task.stderr"}
{"timestamp":"2026-04-17T14:26:12.209855Z","level":"error","event":"    self.blueprint.start(self)","logger":"task.stderr"}
{"timestamp":"2026-04-17T14:26:12.210178Z","level":"error","event":"  File \"/home/airflow/.local/lib/python3.12/site-packages/celery/bootsteps.py\", line 116, in start","logger":"task.stderr"}
{"timestamp":"2026-04-17T14:26:12.210510Z","level":"error","event":"    step.start(parent)","logger":"task.stderr"}
{"timestamp":"2026-04-17T14:26:12.210820Z","level":"error","event":"  File \"/home/airflow/.local/lib/python3.12/site-packages/celery/bootsteps.py\", line 365, in start","logger":"task.stderr"}
{"timestamp":"2026-04-17T14:26:12.211150Z","level":"error","event":"    return self.obj.start()","logger":"task.stderr"}
{"timestamp":"2026-04-17T14:26:12.211476Z","level":"error","event":"  File \"/home/airflow/.local/lib/python3.12/site-packages/celery/concurrency/base.py\", line 130, in start","logger":"task.stderr"}
{"timestamp":"2026-04-17T14:26:12.211790Z","level":"error","event":"    self.on_start()","logger":"task.stderr"}
{"timestamp":"2026-04-17T14:26:12.212095Z","level":"error","event":"  File \"/home/airflow/.local/lib/python3.12/site-packages/celery/concurrency/prefork.py\", line 112, in on_start","logger":"task.stderr"}
{"timestamp":"2026-04-17T14:26:12.212386Z","level":"error","event":"    P = self._pool = Pool(processes=self.limit,","logger":"task.stderr"}
{"timestamp":"2026-04-17T14:26:12.212672Z","level":"error","event":"  File \"/home/airflow/.local/lib/python3.12/site-packages/celery/concurrency/asynpool.py\", line 475, in __init__","logger":"task.stderr"}
{"timestamp":"2026-04-17T14:26:12.212966Z","level":"error","event":"    super().__init__(processes, *args, **kwargs)","logger":"task.stderr"}
{"timestamp":"2026-04-17T14:26:12.213281Z","level":"error","event":"  File \"/home/airflow/.local/lib/python3.12/site-packages/billiard/pool.py\", line 1046, in __init__","logger":"task.stderr"}
{"timestamp":"2026-04-17T14:26:12.213600Z","level":"error","event":"    self._create_worker_process(i)","logger":"task.stderr"}
{"timestamp":"2026-04-17T14:26:12.213916Z","level":"error","event":"  File \"/home/airflow/.local/lib/python3.12/site-packages/celery/concurrency/asynpool.py\", line 493, in _create_worker_process","logger":"task.stderr"}
{"timestamp":"2026-04-17T14:26:12.214239Z","level":"error","event":"    return super()._create_worker_process(i)","logger":"task.stderr"}
{"timestamp":"2026-04-17T14:26:12.214736Z","level":"error","event":"  File \"/home/airflow/.local/lib/python3.12/site-packages/billiard/pool.py\", line 1158, in _create_worker_process","logger":"task.stderr"}
{"timestamp":"2026-04-17T14:26:12.215062Z","level":"error","event":"    w.start()","logger":"task.stderr"}
{"timestamp":"2026-04-17T14:26:12.215395Z","level":"error","event":"  File \"/home/airflow/.local/lib/python3.12/site-packages/billiard/process.py\", line 120, in start","logger":"task.stderr"}
{"timestamp":"2026-04-17T14:26:12.215716Z","level":"error","event":"    self._popen = self._Popen(self)","logger":"task.stderr"}
{"timestamp":"2026-04-17T14:26:12.216065Z","level":"error","event":"  File \"/home/airflow/.local/lib/python3.12/site-packages/billiard/context.py\", line 331, in _Popen","logger":"task.stderr"}
{"timestamp":"2026-04-17T14:26:12.216421Z","level":"error","event":"    return Popen(process_obj)","logger":"task.stderr"}
{"timestamp":"2026-04-17T14:26:12.216734Z","level":"error","event":"  File \"/home/airflow/.local/lib/python3.12/site-packages/billiard/popen_fork.py\", line 22, in __init__","logger":"task.stderr"}
{"timestamp":"2026-04-17T14:26:12.217068Z","level":"error","event":"    self._launch(process_obj)","logger":"task.stderr"}
{"timestamp":"2026-04-17T14:26:12.217359Z","level":"error","event":"  File \"/home/airflow/.local/lib/python3.12/site-packages/billiard/popen_fork.py\", line 77, in _launch","logger":"task.stderr"}
{"timestamp":"2026-04-17T14:26:12.217649Z","level":"error","event":"    code = process_obj._bootstrap()","logger":"task.stderr"}
{"timestamp":"2026-04-17T14:26:12.218052Z","level":"error","event":"  File \"/home/airflow/.local/lib/python3.12/site-packages/billiard/process.py\", line 323, in _bootstrap","logger":"task.stderr"}
{"timestamp":"2026-04-17T14:26:12.218352Z","level":"error","event":"    self.run()","logger":"task.stderr"}
{"timestamp":"2026-04-17T14:26:12.218655Z","level":"error","event":"  File \"/home/airflow/.local/lib/python3.12/site-packages/billiard/process.py\", line 110, in run","logger":"task.stderr"}
{"timestamp":"2026-04-17T14:26:12.219024Z","level":"error","event":"    self._target(*self._args, **self._kwargs)","logger":"task.stderr"}
{"timestamp":"2026-04-17T14:26:12.219485Z","level":"error","event":"  File \"/home/airflow/.local/lib/python3.12/site-packages/billiard/pool.py\", line 292, in __call__","logger":"task.stderr"}
{"timestamp":"2026-04-17T14:26:12.220070Z","level":"error","event":"    sys.exit(self.workloop(pid=pid))","logger":"task.stderr"}
{"timestamp":"2026-04-17T14:26:12.220539Z","level":"error","event":"  File \"/home/airflow/.local/lib/python3.12/site-packages/billiard/pool.py\", line 362, in workloop","logger":"task.stderr"}
{"timestamp":"2026-04-17T14:26:12.221067Z","level":"error","event":"    result = (True, prepare_result(fun(*args, **kwargs)))","logger":"task.stderr"}
{"timestamp":"2026-04-17T14:26:12.221647Z","level":"error","event":"  File \"/home/airflow/.local/lib/python3.12/site-packages/celery/app/trace.py\", line 694, in fast_trace_task","logger":"task.stderr"}
{"timestamp":"2026-04-17T14:26:12.222370Z","level":"error","event":"    R, I, T, Rstr = tasks[task].__trace__(","logger":"task.stderr"}
{"timestamp":"2026-04-17T14:26:12.222861Z","level":"error","event":"  File \"/home/airflow/.local/lib/python3.12/site-packages/celery/app/trace.py\", line 479, in trace_task","logger":"task.stderr"}
{"timestamp":"2026-04-17T14:26:12.223391Z","level":"error","event":"    R = retval = fun(*args, **kwargs)","logger":"task.stderr"}
{"timestamp":"2026-04-17T14:26:12.223815Z","level":"error","event":"  File \"/home/airflow/.local/lib/python3.12/site-packages/celery/app/trace.py\", line 779, in __protected_call__","logger":"task.stderr"}
{"timestamp":"2026-04-17T14:26:12.224220Z","level":"error","event":"    return self.run(*args, **kwargs)","logger":"task.stderr"}
{"timestamp":"2026-04-17T14:26:12.224831Z","level":"error","event":"  File \"/home/airflow/.local/lib/python3.12/site-packages/airflow/providers/celery/executors/celery_executor_utils.py\", line 202, in execute_workload","logger":"task.stderr"}
{"timestamp":"2026-04-17T14:26:12.225264Z","level":"error","event":"    supervise(","logger":"task.stderr"}
{"timestamp":"2026-04-17T14:26:12.225652Z","level":"error","event":"  File \"/home/airflow/.local/lib/python3.12/site-packages/airflow/sdk/execution_time/supervisor.py\", line 2097, in supervise","logger":"task.stderr"}
{"timestamp":"2026-04-17T14:26:12.228418Z","level":"error","event":"    process = ActivitySubprocess.start(","logger":"task.stderr"}
{"timestamp":"2026-04-17T14:26:12.228867Z","level":"error","event":"  File \"/home/airflow/.local/lib/python3.12/site-packages/airflow/sdk/execution_time/supervisor.py\", line 1006, in start","logger":"task.stderr"}
{"timestamp":"2026-04-17T14:26:12.229231Z","level":"error","event":"    proc: Self = super().start(id=what.id, client=client, target=target, logger=logger, **kwargs)","logger":"task.stderr"}
{"timestamp":"2026-04-17T14:26:12.229556Z","level":"error","event":"  File \"/home/airflow/.local/lib/python3.12/site-packages/airflow/sdk/execution_time/supervisor.py\", line 516, in start","logger":"task.stderr"}
{"timestamp":"2026-04-17T14:26:12.229929Z","level":"error","event":"    _fork_main(child_requests, child_stdout, child_stderr, child_logs.fileno(), target)","logger":"task.stderr"}
{"timestamp":"2026-04-17T14:26:12.230273Z","level":"error","event":"  File \"/home/airflow/.local/lib/python3.12/site-packages/airflow/sdk/execution_time/supervisor.py\", line 415, in _fork_main","logger":"task.stderr"}
{"timestamp":"2026-04-17T14:26:12.230596Z","level":"error","event":"    target()","logger":"task.stderr"}
{"timestamp":"2026-04-17T14:26:12.230947Z","level":"error","event":"  File \"/home/airflow/.local/lib/python3.12/site-packages/airflow/sdk/execution_time/supervisor.py\", line 208, in _subprocess_main","logger":"task.stderr"}
{"timestamp":"2026-04-17T14:26:12.231299Z","level":"error","event":"    main()","logger":"task.stderr"}
{"timestamp":"2026-04-17T14:26:12.231655Z","level":"error","event":"  File \"/usr/python/lib/python3.12/contextlib.py\", line 81, in inner","logger":"task.stderr"}
{"timestamp":"2026-04-17T14:26:12.231978Z","level":"error","event":"    return func(*args, **kwds)","logger":"task.stderr"}
{"timestamp":"2026-04-17T14:26:12.232335Z","level":"error","event":"  File \"/home/airflow/.local/lib/python3.12/site-packages/airflow/sdk/execution_time/task_runner.py\", line 1874, in main","logger":"task.stderr"}
{"timestamp":"2026-04-17T14:26:12.232700Z","level":"error","event":"    state, _, error = run(ti, context, log)","logger":"task.stderr"}
{"timestamp":"2026-04-17T14:26:12.233053Z","level":"error","event":"  File \"/home/airflow/.local/lib/python3.12/site-packages/airflow/sdk/execution_time/task_runner.py\", line 1263, in run","logger":"task.stderr"}
{"timestamp":"2026-04-17T14:26:12.233495Z","level":"error","event":"    result = _execute_task(context=context, ti=ti, log=log)","logger":"task.stderr"}
{"timestamp":"2026-04-17T14:26:12.233882Z","level":"error","event":"  File \"/home/airflow/.local/lib/python3.12/site-packages/airflow/sdk/execution_time/task_runner.py\", line 1678, in _execute_task","logger":"task.stderr"}
{"timestamp":"2026-04-17T14:26:12.234196Z","level":"error","event":"    result = ctx.run(execute, context=context)","logger":"task.stderr"}
{"timestamp":"2026-04-17T14:26:12.234519Z","level":"error","event":"  File \"/home/airflow/.local/lib/python3.12/site-packages/airflow/sdk/bases/operator.py\", line 443, in wrapper","logger":"task.stderr"}
{"timestamp":"2026-04-17T14:26:12.234837Z","level":"error","event":"    return func(self, *args, **kwargs)","logger":"task.stderr"}
{"timestamp":"2026-04-17T14:26:12.235149Z","level":"error","event":"  File \"/home/airflow/.local/lib/python3.12/site-packages/airflow/sdk/bases/decorator.py\", line 397, in execute","logger":"task.stderr"}
{"timestamp":"2026-04-17T14:26:12.235476Z","level":"error","event":"    return_value = super().execute(context)","logger":"task.stderr"}
{"timestamp":"2026-04-17T14:26:12.235850Z","level":"error","event":"  File \"/home/airflow/.local/lib/python3.12/site-packages/airflow/sdk/bases/operator.py\", line 443, in wrapper","logger":"task.stderr"}
{"timestamp":"2026-04-17T14:26:12.236290Z","level":"error","event":"    return func(self, *args, **kwargs)","logger":"task.stderr"}
{"timestamp":"2026-04-17T14:26:12.236760Z","level":"error","event":"  File \"/home/airflow/.local/lib/python3.12/site-packages/airflow/providers/standard/operators/python.py\", line 227, in execute","logger":"task.stderr"}
{"timestamp":"2026-04-17T14:26:12.237299Z","level":"error","event":"    return_value = self.execute_callable()","logger":"task.stderr"}
{"timestamp":"2026-04-17T14:26:12.237786Z","level":"error","event":"  File \"/home/airflow/.local/lib/python3.12/site-packages/airflow/providers/standard/operators/python.py\", line 250, in execute_callable","logger":"task.stderr"}
{"timestamp":"2026-04-17T14:26:12.194430Z","level":"error","event":"Task failed with exception","logger":"task","filename":"task_runner.py","lineno":1347,"error_detail":[{"exc_type":"CalledProcessError","exc_value":"Command '['docker', 'exec', 'spark-master', '/opt/spark/bin/spark-submit', '--master', 'spark://spark-master:7077', '--deploy-mode', 'client', '/opt/spark_jobs/jobs/spark_streaming_job.py']' returned non-zero exit status 1.","exc_notes":[],"syntax_error":null,"is_cause":false,"frames":[{"filename":"/home/airflow/.local/lib/python3.12/site-packages/airflow/sdk/execution_time/task_runner.py","lineno":1263,"name":"run"},{"filename":"/home/airflow/.local/lib/python3.12/site-packages/airflow/sdk/execution_time/task_runner.py","lineno":1678,"name":"_execute_task"},{"filename":"/home/airflow/.local/lib/python3.12/site-packages/airflow/sdk/bases/operator.py","lineno":443,"name":"wrapper"},{"filename":"/home/airflow/.local/lib/python3.12/site-packages/airflow/sdk/bases/decorator.py","lineno":397,"name":"execute"},{"filename":"/home/airflow/.local/lib/python3.12/site-packages/airflow/sdk/bases/operator.py","lineno":443,"name":"wrapper"},{"filename":"/home/airflow/.local/lib/python3.12/site-packages/airflow/providers/standard/operators/python.py","lineno":227,"name":"execute"},{"filename":"/home/airflow/.local/lib/python3.12/site-packages/airflow/providers/standard/operators/python.py","lineno":250,"name":"execute_callable"},{"filename":"/home/airflow/.local/lib/python3.12/site-packages/airflow/sdk/execution_time/callback_runner.py","lineno":97,"name":"run"},{"filename":"/opt/airflow/dags/streaming_with_kafka.py","lineno":332,"name":"submit_spark"},{"filename":"/usr/python/lib/python3.12/subprocess.py","lineno":571,"name":"run"}],"is_group":false,"exceptions":[]}]}
{"timestamp":"2026-04-17T14:26:12.239425Z","level":"error","event":"    return runner.run(*self.op_args, **self.op_kwargs)","logger":"task.stderr"}
{"timestamp":"2026-04-17T14:26:12.240001Z","level":"error","event":"  File \"/home/airflow/.local/lib/python3.12/site-packages/airflow/sdk/execution_time/callback_runner.py\", line 97, in run","logger":"task.stderr"}
{"timestamp":"2026-04-17T14:26:12.240606Z","level":"error","event":"    return func(*args, **kwargs)","logger":"task.stderr"}
{"timestamp":"2026-04-17T14:26:12.241079Z","level":"error","event":"  File \"/opt/airflow/dags/streaming_with_kafka.py\", line 343, in submit_spark","logger":"task.stderr"}
{"timestamp":"2026-04-17T14:26:12.241599Z","level":"error","event":"    logger.error(\"Error\",e.stderr)","logger":"task.stderr"}
{"timestamp":"2026-04-17T14:26:12.242062Z","level":"error","event":"Message: 'Error'","logger":"task.stderr"}
{"timestamp":"2026-04-17T14:26:12.242488Z","level":"error","event":"Arguments: ('failed to connect to the docker API at unix:///var/run/docker.sock; check if the path is correct and if the daemon is running: dial unix /var/run/docker.sock: connect: no such file or directory\\n',)","logger":"task.stderr"}
