{"timestamp":"2026-04-17T12:42:02.864215Z","level":"info","event":"DAG bundles loaded: dags-folder","logger":"airflow.dag_processing.bundles.manager.DagBundlesManager","filename":"manager.py","lineno":209}
{"timestamp":"2026-04-17T12:42:02.878380Z","level":"info","event":"Filling up the DagBag from /opt/airflow/dags/streaming_with_kafka.py","logger":"airflow.dag_processing.dagbag.BundleDagBag","filename":"dagbag.py","lineno":469}
{"timestamp":"2026-04-17T12:42:06.043922Z","level":"error","event":"Spark job failed!","logger":"unusual_prefix_d22024e3fefcf13b200722fad73a7e59e7a33f51_streaming_with_kafka","filename":"streaming_with_kafka.py","lineno":342}
{"timestamp":"2026-04-17T12:42:06.046987Z","level":"error","event":"--- Logging error ---","logger":"task.stderr"}
{"timestamp":"2026-04-17T12:42:06.085994Z","level":"error","event":"Traceback (most recent call last):","logger":"task.stderr"}
{"timestamp":"2026-04-17T12:42:06.086610Z","level":"error","event":"  File \"/opt/airflow/dags/streaming_with_kafka.py\", line 332, in submit_spark","logger":"task.stderr"}
{"timestamp":"2026-04-17T12:42:06.087226Z","level":"error","event":"    result = subprocess.run(","logger":"task.stderr"}
{"timestamp":"2026-04-17T12:42:06.097138Z","level":"error","event":"             ^^^^^^^^^^^^^^^","logger":"task.stderr"}
{"timestamp":"2026-04-17T12:42:06.098888Z","level":"error","event":"  File \"/usr/python/lib/python3.12/subprocess.py\", line 571, in run","logger":"task.stderr"}
{"timestamp":"2026-04-17T12:42:06.100352Z","level":"error","event":"    raise CalledProcessError(retcode, process.args,","logger":"task.stderr"}
{"timestamp":"2026-04-17T12:42:06.101015Z","level":"error","event":"subprocess.CalledProcessError: Command '['docker', 'exec', 'spark-master', '/opt/spark/bin/spark-submit', '--master', 'spark://spark-master:7077', '--deploy-mode', 'client', '/opt/spark_jobs/jobs/spark_streaming_job.py']' returned non-zero exit status 1.","logger":"task.stderr"}
{"timestamp":"2026-04-17T12:42:06.101982Z","level":"error","event":"","logger":"task.stderr"}
{"timestamp":"2026-04-17T12:42:06.119802Z","level":"error","event":"During handling of the above exception, another exception occurred:","logger":"task.stderr"}
{"timestamp":"2026-04-17T12:42:06.123037Z","level":"error","event":"","logger":"task.stderr"}
{"timestamp":"2026-04-17T12:42:06.135338Z","level":"error","event":"Traceback (most recent call last):","logger":"task.stderr"}
{"timestamp":"2026-04-17T12:42:06.136101Z","level":"error","event":"  File \"/usr/python/lib/python3.12/logging/__init__.py\", line 1160, in emit","logger":"task.stderr"}
{"timestamp":"2026-04-17T12:42:06.137084Z","level":"error","event":"    msg = self.format(record)","logger":"task.stderr"}
{"timestamp":"2026-04-17T12:42:06.137706Z","level":"error","event":"          ^^^^^^^^^^^^^^^^^^^","logger":"task.stderr"}
{"timestamp":"2026-04-17T12:42:06.138315Z","level":"error","event":"  File \"/usr/python/lib/python3.12/logging/__init__.py\", line 999, in format","logger":"task.stderr"}
{"timestamp":"2026-04-17T12:42:06.138977Z","level":"error","event":"    return fmt.format(record)","logger":"task.stderr"}
{"timestamp":"2026-04-17T12:42:06.140159Z","level":"error","event":"           ^^^^^^^^^^^^^^^^^^","logger":"task.stderr"}
{"timestamp":"2026-04-17T12:42:06.140708Z","level":"error","event":"  File \"/home/airflow/.local/lib/python3.12/site-packages/structlog/stdlib.py\", line 1154, in format","logger":"task.stderr"}
{"timestamp":"2026-04-17T12:42:06.141328Z","level":"error","event":"    ed = cast(EventDict, proc(logger, meth_name, ed))","logger":"task.stderr"}
{"timestamp":"2026-04-17T12:42:06.142859Z","level":"error","event":"                         ^^^^^^^^^^^^^^^^^^^^^^^^^^^","logger":"task.stderr"}
{"timestamp":"2026-04-17T12:42:06.145732Z","level":"error","event":"  File \"/home/airflow/.local/lib/python3.12/site-packages/structlog/stdlib.py\", line 767, in __call__","logger":"task.stderr"}
{"timestamp":"2026-04-17T12:42:06.146361Z","level":"error","event":"    event_dict[\"event\"] %= args","logger":"task.stderr"}
{"timestamp":"2026-04-17T12:42:06.152322Z","level":"error","event":"TypeError: not all arguments converted during string formatting","logger":"task.stderr"}
{"timestamp":"2026-04-17T12:42:06.153209Z","level":"error","event":"Call stack:","logger":"task.stderr"}
{"timestamp":"2026-04-17T12:42:06.203643Z","level":"error","event":"  File \"/home/airflow/.local/bin/airflow\", line 6, in <module>","logger":"task.stderr"}
{"timestamp":"2026-04-17T12:42:06.223638Z","level":"error","event":"    sys.exit(main())","logger":"task.stderr"}
{"timestamp":"2026-04-17T12:42:06.231320Z","level":"error","event":"  File \"/home/airflow/.local/lib/python3.12/site-packages/airflow/__main__.py\", line 55, in main","logger":"task.stderr"}
{"timestamp":"2026-04-17T12:42:06.248055Z","level":"error","event":"    args.func(args)","logger":"task.stderr"}
{"timestamp":"2026-04-17T12:42:06.250389Z","level":"error","event":"  File \"/home/airflow/.local/lib/python3.12/site-packages/airflow/cli/cli_config.py\", line 49, in command","logger":"task.stderr"}
{"timestamp":"2026-04-17T12:42:06.251304Z","level":"error","event":"    return func(*args, **kwargs)","logger":"task.stderr"}
{"timestamp":"2026-04-17T12:42:06.256072Z","level":"error","event":"  File \"/home/airflow/.local/lib/python3.12/site-packages/airflow/utils/cli.py\", line 113, in wrapper","logger":"task.stderr"}
{"timestamp":"2026-04-17T12:42:06.264103Z","level":"error","event":"    return f(*args, **kwargs)","logger":"task.stderr"}
{"timestamp":"2026-04-17T12:42:06.269434Z","level":"error","event":"  File \"/home/airflow/.local/lib/python3.12/site-packages/airflow/providers/celery/cli/celery_command.py\", line 67, in wrapper","logger":"task.stderr"}
{"timestamp":"2026-04-17T12:42:06.282002Z","level":"error","event":"    providers_configuration_loaded(func)(*args, **kwargs)","logger":"task.stderr"}
{"timestamp":"2026-04-17T12:42:06.285902Z","level":"error","event":"  File \"/home/airflow/.local/lib/python3.12/site-packages/airflow/utils/providers_configuration_loader.py\", line 54, in wrapped_function","logger":"task.stderr"}
{"timestamp":"2026-04-17T12:42:06.294377Z","level":"error","event":"    return func(*args, **kwargs)","logger":"task.stderr"}
{"timestamp":"2026-04-17T12:42:06.305991Z","level":"error","event":"  File \"/home/airflow/.local/lib/python3.12/site-packages/airflow/providers/celery/cli/celery_command.py\", line 320, in worker","logger":"task.stderr"}
{"timestamp":"2026-04-17T12:42:06.307141Z","level":"error","event":"    _run_command_with_daemon_option(","logger":"task.stderr"}
{"timestamp":"2026-04-17T12:42:06.307911Z","level":"error","event":"  File \"/home/airflow/.local/lib/python3.12/site-packages/airflow/providers/celery/cli/celery_command.py\", line 53, in _run_command_with_daemon_option","logger":"task.stderr"}
{"timestamp":"2026-04-17T12:42:06.309030Z","level":"error","event":"    run_command_with_daemon_option(*args, **kwargs)","logger":"task.stderr"}
{"timestamp":"2026-04-17T12:42:06.309998Z","level":"error","event":"  File \"/home/airflow/.local/lib/python3.12/site-packages/airflow/cli/commands/daemon_utils.py\", line 86, in run_command_with_daemon_option","logger":"task.stderr"}
{"timestamp":"2026-04-17T12:42:06.310988Z","level":"error","event":"    callback()","logger":"task.stderr"}
{"timestamp":"2026-04-17T12:42:06.312114Z","level":"error","event":"  File \"/home/airflow/.local/lib/python3.12/site-packages/airflow/providers/celery/cli/celery_command.py\", line 313, in run_celery_worker","logger":"task.stderr"}
{"timestamp":"2026-04-17T12:42:06.313122Z","level":"error","event":"    celery_app.worker_main(options)","logger":"task.stderr"}
{"timestamp":"2026-04-17T12:42:06.314031Z","level":"error","event":"  File \"/home/airflow/.local/lib/python3.12/site-packages/celery/app/base.py\", line 487, in worker_main","logger":"task.stderr"}
{"timestamp":"2026-04-17T12:42:06.315159Z","level":"error","event":"    self.start(argv=argv)","logger":"task.stderr"}
{"timestamp":"2026-04-17T12:42:06.316124Z","level":"error","event":"  File \"/home/airflow/.local/lib/python3.12/site-packages/celery/app/base.py\", line 467, in start","logger":"task.stderr"}
{"timestamp":"2026-04-17T12:42:06.317522Z","level":"error","event":"    celery.main(args=argv, standalone_mode=False)","logger":"task.stderr"}
{"timestamp":"2026-04-17T12:42:06.318592Z","level":"error","event":"  File \"/home/airflow/.local/lib/python3.12/site-packages/click/core.py\", line 1406, in main","logger":"task.stderr"}
{"timestamp":"2026-04-17T12:42:06.319377Z","level":"error","event":"    rv = self.invoke(ctx)","logger":"task.stderr"}
{"timestamp":"2026-04-17T12:42:06.320205Z","level":"error","event":"  File \"/home/airflow/.local/lib/python3.12/site-packages/click/core.py\", line 1873, in invoke","logger":"task.stderr"}
{"timestamp":"2026-04-17T12:42:06.325501Z","level":"error","event":"    return _process_result(sub_ctx.command.invoke(sub_ctx))","logger":"task.stderr"}
{"timestamp":"2026-04-17T12:42:06.328460Z","level":"error","event":"  File \"/home/airflow/.local/lib/python3.12/site-packages/click/core.py\", line 1269, in invoke","logger":"task.stderr"}
{"timestamp":"2026-04-17T12:42:06.329748Z","level":"error","event":"    return ctx.invoke(self.callback, **ctx.params)","logger":"task.stderr"}
{"timestamp":"2026-04-17T12:42:06.330681Z","level":"error","event":"  File \"/home/airflow/.local/lib/python3.12/site-packages/click/core.py\", line 824, in invoke","logger":"task.stderr"}
{"timestamp":"2026-04-17T12:42:06.332166Z","level":"error","event":"    return callback(*args, **kwargs)","logger":"task.stderr"}
{"timestamp":"2026-04-17T12:42:06.332901Z","level":"error","event":"  File \"/home/airflow/.local/lib/python3.12/site-packages/click/decorators.py\", line 34, in new_func","logger":"task.stderr"}
{"timestamp":"2026-04-17T12:42:06.333975Z","level":"error","event":"    return f(get_current_context(), *args, **kwargs)","logger":"task.stderr"}
{"timestamp":"2026-04-17T12:42:06.336489Z","level":"error","event":"  File \"/home/airflow/.local/lib/python3.12/site-packages/celery/bin/base.py\", line 135, in caller","logger":"task.stderr"}
{"timestamp":"2026-04-17T12:42:06.338019Z","level":"error","event":"    return f(ctx, *args, **kwargs)","logger":"task.stderr"}
{"timestamp":"2026-04-17T12:42:06.340120Z","level":"error","event":"  File \"/home/airflow/.local/lib/python3.12/site-packages/celery/bin/worker.py\", line 367, in worker","logger":"task.stderr"}
{"timestamp":"2026-04-17T12:42:06.342309Z","level":"error","event":"    worker.start()","logger":"task.stderr"}
{"timestamp":"2026-04-17T12:42:06.343536Z","level":"error","event":"  File \"/home/airflow/.local/lib/python3.12/site-packages/celery/worker/worker.py\", line 203, in start","logger":"task.stderr"}
{"timestamp":"2026-04-17T12:42:06.344937Z","level":"error","event":"    self.blueprint.start(self)","logger":"task.stderr"}
{"timestamp":"2026-04-17T12:42:06.346989Z","level":"error","event":"  File \"/home/airflow/.local/lib/python3.12/site-packages/celery/bootsteps.py\", line 116, in start","logger":"task.stderr"}
{"timestamp":"2026-04-17T12:42:06.349496Z","level":"error","event":"    step.start(parent)","logger":"task.stderr"}
{"timestamp":"2026-04-17T12:42:06.350446Z","level":"error","event":"  File \"/home/airflow/.local/lib/python3.12/site-packages/celery/bootsteps.py\", line 365, in start","logger":"task.stderr"}
{"timestamp":"2026-04-17T12:42:06.351233Z","level":"error","event":"    return self.obj.start()","logger":"task.stderr"}
{"timestamp":"2026-04-17T12:42:06.351896Z","level":"error","event":"  File \"/home/airflow/.local/lib/python3.12/site-packages/celery/concurrency/base.py\", line 130, in start","logger":"task.stderr"}
{"timestamp":"2026-04-17T12:42:06.352664Z","level":"error","event":"    self.on_start()","logger":"task.stderr"}
{"timestamp":"2026-04-17T12:42:06.353454Z","level":"error","event":"  File \"/home/airflow/.local/lib/python3.12/site-packages/celery/concurrency/prefork.py\", line 112, in on_start","logger":"task.stderr"}
{"timestamp":"2026-04-17T12:42:06.354842Z","level":"error","event":"    P = self._pool = Pool(processes=self.limit,","logger":"task.stderr"}
{"timestamp":"2026-04-17T12:42:06.355599Z","level":"error","event":"  File \"/home/airflow/.local/lib/python3.12/site-packages/celery/concurrency/asynpool.py\", line 475, in __init__","logger":"task.stderr"}
{"timestamp":"2026-04-17T12:42:06.356467Z","level":"error","event":"    super().__init__(processes, *args, **kwargs)","logger":"task.stderr"}
{"timestamp":"2026-04-17T12:42:06.357438Z","level":"error","event":"  File \"/home/airflow/.local/lib/python3.12/site-packages/billiard/pool.py\", line 1046, in __init__","logger":"task.stderr"}
{"timestamp":"2026-04-17T12:42:06.358992Z","level":"error","event":"    self._create_worker_process(i)","logger":"task.stderr"}
{"timestamp":"2026-04-17T12:42:06.359687Z","level":"error","event":"  File \"/home/airflow/.local/lib/python3.12/site-packages/celery/concurrency/asynpool.py\", line 493, in _create_worker_process","logger":"task.stderr"}
{"timestamp":"2026-04-17T12:42:06.360491Z","level":"error","event":"    return super()._create_worker_process(i)","logger":"task.stderr"}
{"timestamp":"2026-04-17T12:42:06.367750Z","level":"error","event":"  File \"/home/airflow/.local/lib/python3.12/site-packages/billiard/pool.py\", line 1158, in _create_worker_process","logger":"task.stderr"}
{"timestamp":"2026-04-17T12:42:06.368486Z","level":"error","event":"    w.start()","logger":"task.stderr"}
{"timestamp":"2026-04-17T12:42:06.369219Z","level":"error","event":"  File \"/home/airflow/.local/lib/python3.12/site-packages/billiard/process.py\", line 120, in start","logger":"task.stderr"}
{"timestamp":"2026-04-17T12:42:06.383600Z","level":"error","event":"    self._popen = self._Popen(self)","logger":"task.stderr"}
{"timestamp":"2026-04-17T12:42:06.225847Z","level":"error","event":"Task failed with exception","logger":"task","filename":"task_runner.py","lineno":1347,"error_detail":[{"exc_type":"CalledProcessError","exc_value":"Command '['docker', 'exec', 'spark-master', '/opt/spark/bin/spark-submit', '--master', 'spark://spark-master:7077', '--deploy-mode', 'client', '/opt/spark_jobs/jobs/spark_streaming_job.py']' returned non-zero exit status 1.","exc_notes":[],"syntax_error":null,"is_cause":false,"frames":[{"filename":"/home/airflow/.local/lib/python3.12/site-packages/airflow/sdk/execution_time/task_runner.py","lineno":1263,"name":"run"},{"filename":"/home/airflow/.local/lib/python3.12/site-packages/airflow/sdk/execution_time/task_runner.py","lineno":1678,"name":"_execute_task"},{"filename":"/home/airflow/.local/lib/python3.12/site-packages/airflow/sdk/bases/operator.py","lineno":443,"name":"wrapper"},{"filename":"/home/airflow/.local/lib/python3.12/site-packages/airflow/sdk/bases/decorator.py","lineno":397,"name":"execute"},{"filename":"/home/airflow/.local/lib/python3.12/site-packages/airflow/sdk/bases/operator.py","lineno":443,"name":"wrapper"},{"filename":"/home/airflow/.local/lib/python3.12/site-packages/airflow/providers/standard/operators/python.py","lineno":227,"name":"execute"},{"filename":"/home/airflow/.local/lib/python3.12/site-packages/airflow/providers/standard/operators/python.py","lineno":250,"name":"execute_callable"},{"filename":"/home/airflow/.local/lib/python3.12/site-packages/airflow/sdk/execution_time/callback_runner.py","lineno":97,"name":"run"},{"filename":"/opt/airflow/dags/streaming_with_kafka.py","lineno":332,"name":"submit_spark"},{"filename":"/usr/python/lib/python3.12/subprocess.py","lineno":571,"name":"run"}],"is_group":false,"exceptions":[]}]}
{"timestamp":"2026-04-17T12:42:06.399771Z","level":"error","event":"  File \"/home/airflow/.local/lib/python3.12/site-packages/billiard/context.py\", line 331, in _Popen","logger":"task.stderr"}
{"timestamp":"2026-04-17T12:42:06.405407Z","level":"error","event":"    return Popen(process_obj)","logger":"task.stderr"}
{"timestamp":"2026-04-17T12:42:06.407032Z","level":"error","event":"  File \"/home/airflow/.local/lib/python3.12/site-packages/billiard/popen_fork.py\", line 22, in __init__","logger":"task.stderr"}
{"timestamp":"2026-04-17T12:42:06.409491Z","level":"error","event":"    self._launch(process_obj)","logger":"task.stderr"}
{"timestamp":"2026-04-17T12:42:06.418224Z","level":"error","event":"  File \"/home/airflow/.local/lib/python3.12/site-packages/billiard/popen_fork.py\", line 77, in _launch","logger":"task.stderr"}
{"timestamp":"2026-04-17T12:42:06.419279Z","level":"error","event":"    code = process_obj._bootstrap()","logger":"task.stderr"}
{"timestamp":"2026-04-17T12:42:06.420350Z","level":"error","event":"  File \"/home/airflow/.local/lib/python3.12/site-packages/billiard/process.py\", line 323, in _bootstrap","logger":"task.stderr"}
{"timestamp":"2026-04-17T12:42:06.421110Z","level":"error","event":"    self.run()","logger":"task.stderr"}
{"timestamp":"2026-04-17T12:42:06.421919Z","level":"error","event":"  File \"/home/airflow/.local/lib/python3.12/site-packages/billiard/process.py\", line 110, in run","logger":"task.stderr"}
{"timestamp":"2026-04-17T12:42:06.422727Z","level":"error","event":"    self._target(*self._args, **self._kwargs)","logger":"task.stderr"}
{"timestamp":"2026-04-17T12:42:06.423321Z","level":"error","event":"  File \"/home/airflow/.local/lib/python3.12/site-packages/billiard/pool.py\", line 292, in __call__","logger":"task.stderr"}
{"timestamp":"2026-04-17T12:42:06.424052Z","level":"error","event":"    sys.exit(self.workloop(pid=pid))","logger":"task.stderr"}
{"timestamp":"2026-04-17T12:42:06.425016Z","level":"error","event":"  File \"/home/airflow/.local/lib/python3.12/site-packages/billiard/pool.py\", line 362, in workloop","logger":"task.stderr"}
{"timestamp":"2026-04-17T12:42:06.425848Z","level":"error","event":"    result = (True, prepare_result(fun(*args, **kwargs)))","logger":"task.stderr"}
{"timestamp":"2026-04-17T12:42:06.426635Z","level":"error","event":"  File \"/home/airflow/.local/lib/python3.12/site-packages/celery/app/trace.py\", line 694, in fast_trace_task","logger":"task.stderr"}
{"timestamp":"2026-04-17T12:42:06.427342Z","level":"error","event":"    R, I, T, Rstr = tasks[task].__trace__(","logger":"task.stderr"}
{"timestamp":"2026-04-17T12:42:06.435206Z","level":"error","event":"  File \"/home/airflow/.local/lib/python3.12/site-packages/celery/app/trace.py\", line 479, in trace_task","logger":"task.stderr"}
{"timestamp":"2026-04-17T12:42:06.437461Z","level":"error","event":"    R = retval = fun(*args, **kwargs)","logger":"task.stderr"}
{"timestamp":"2026-04-17T12:42:06.438205Z","level":"error","event":"  File \"/home/airflow/.local/lib/python3.12/site-packages/celery/app/trace.py\", line 779, in __protected_call__","logger":"task.stderr"}
{"timestamp":"2026-04-17T12:42:06.439817Z","level":"error","event":"    return self.run(*args, **kwargs)","logger":"task.stderr"}
{"timestamp":"2026-04-17T12:42:06.440741Z","level":"error","event":"  File \"/home/airflow/.local/lib/python3.12/site-packages/airflow/providers/celery/executors/celery_executor_utils.py\", line 202, in execute_workload","logger":"task.stderr"}
{"timestamp":"2026-04-17T12:42:06.441535Z","level":"error","event":"    supervise(","logger":"task.stderr"}
{"timestamp":"2026-04-17T12:42:06.442270Z","level":"error","event":"  File \"/home/airflow/.local/lib/python3.12/site-packages/airflow/sdk/execution_time/supervisor.py\", line 2097, in supervise","logger":"task.stderr"}
{"timestamp":"2026-04-17T12:42:06.444854Z","level":"error","event":"    process = ActivitySubprocess.start(","logger":"task.stderr"}
{"timestamp":"2026-04-17T12:42:06.449863Z","level":"error","event":"  File \"/home/airflow/.local/lib/python3.12/site-packages/airflow/sdk/execution_time/supervisor.py\", line 1006, in start","logger":"task.stderr"}
{"timestamp":"2026-04-17T12:42:06.452371Z","level":"error","event":"    proc: Self = super().start(id=what.id, client=client, target=target, logger=logger, **kwargs)","logger":"task.stderr"}
{"timestamp":"2026-04-17T12:42:06.456472Z","level":"error","event":"  File \"/home/airflow/.local/lib/python3.12/site-packages/airflow/sdk/execution_time/supervisor.py\", line 516, in start","logger":"task.stderr"}
{"timestamp":"2026-04-17T12:42:06.460864Z","level":"error","event":"    _fork_main(child_requests, child_stdout, child_stderr, child_logs.fileno(), target)","logger":"task.stderr"}
{"timestamp":"2026-04-17T12:42:06.461594Z","level":"error","event":"  File \"/home/airflow/.local/lib/python3.12/site-packages/airflow/sdk/execution_time/supervisor.py\", line 415, in _fork_main","logger":"task.stderr"}
{"timestamp":"2026-04-17T12:42:06.462545Z","level":"error","event":"    target()","logger":"task.stderr"}
{"timestamp":"2026-04-17T12:42:06.465430Z","level":"error","event":"  File \"/home/airflow/.local/lib/python3.12/site-packages/airflow/sdk/execution_time/supervisor.py\", line 208, in _subprocess_main","logger":"task.stderr"}
{"timestamp":"2026-04-17T12:42:06.466550Z","level":"error","event":"    main()","logger":"task.stderr"}
{"timestamp":"2026-04-17T12:42:06.467332Z","level":"error","event":"  File \"/usr/python/lib/python3.12/contextlib.py\", line 81, in inner","logger":"task.stderr"}
{"timestamp":"2026-04-17T12:42:06.468002Z","level":"error","event":"    return func(*args, **kwds)","logger":"task.stderr"}
{"timestamp":"2026-04-17T12:42:06.468647Z","level":"error","event":"  File \"/home/airflow/.local/lib/python3.12/site-packages/airflow/sdk/execution_time/task_runner.py\", line 1874, in main","logger":"task.stderr"}
{"timestamp":"2026-04-17T12:42:06.469316Z","level":"error","event":"    state, _, error = run(ti, context, log)","logger":"task.stderr"}
{"timestamp":"2026-04-17T12:42:06.470062Z","level":"error","event":"  File \"/home/airflow/.local/lib/python3.12/site-packages/airflow/sdk/execution_time/task_runner.py\", line 1263, in run","logger":"task.stderr"}
{"timestamp":"2026-04-17T12:42:06.470762Z","level":"error","event":"    result = _execute_task(context=context, ti=ti, log=log)","logger":"task.stderr"}
{"timestamp":"2026-04-17T12:42:06.471424Z","level":"error","event":"  File \"/home/airflow/.local/lib/python3.12/site-packages/airflow/sdk/execution_time/task_runner.py\", line 1678, in _execute_task","logger":"task.stderr"}
{"timestamp":"2026-04-17T12:42:06.472080Z","level":"error","event":"    result = ctx.run(execute, context=context)","logger":"task.stderr"}
{"timestamp":"2026-04-17T12:42:06.472805Z","level":"error","event":"  File \"/home/airflow/.local/lib/python3.12/site-packages/airflow/sdk/bases/operator.py\", line 443, in wrapper","logger":"task.stderr"}
{"timestamp":"2026-04-17T12:42:06.473833Z","level":"error","event":"    return func(self, *args, **kwargs)","logger":"task.stderr"}
{"timestamp":"2026-04-17T12:42:06.474626Z","level":"error","event":"  File \"/home/airflow/.local/lib/python3.12/site-packages/airflow/sdk/bases/decorator.py\", line 397, in execute","logger":"task.stderr"}
{"timestamp":"2026-04-17T12:42:06.475389Z","level":"error","event":"    return_value = super().execute(context)","logger":"task.stderr"}
{"timestamp":"2026-04-17T12:42:06.476059Z","level":"error","event":"  File \"/home/airflow/.local/lib/python3.12/site-packages/airflow/sdk/bases/operator.py\", line 443, in wrapper","logger":"task.stderr"}
{"timestamp":"2026-04-17T12:42:06.476748Z","level":"error","event":"    return func(self, *args, **kwargs)","logger":"task.stderr"}
{"timestamp":"2026-04-17T12:42:06.477445Z","level":"error","event":"  File \"/home/airflow/.local/lib/python3.12/site-packages/airflow/providers/standard/operators/python.py\", line 227, in execute","logger":"task.stderr"}
{"timestamp":"2026-04-17T12:42:06.478407Z","level":"error","event":"    return_value = self.execute_callable()","logger":"task.stderr"}
{"timestamp":"2026-04-17T12:42:06.480667Z","level":"error","event":"  File \"/home/airflow/.local/lib/python3.12/site-packages/airflow/providers/standard/operators/python.py\", line 250, in execute_callable","logger":"task.stderr"}
{"timestamp":"2026-04-17T12:42:06.482270Z","level":"error","event":"    return runner.run(*self.op_args, **self.op_kwargs)","logger":"task.stderr"}
{"timestamp":"2026-04-17T12:42:06.483009Z","level":"error","event":"  File \"/home/airflow/.local/lib/python3.12/site-packages/airflow/sdk/execution_time/callback_runner.py\", line 97, in run","logger":"task.stderr"}
{"timestamp":"2026-04-17T12:42:06.483682Z","level":"error","event":"    return func(*args, **kwargs)","logger":"task.stderr"}
{"timestamp":"2026-04-17T12:42:06.484385Z","level":"error","event":"  File \"/opt/airflow/dags/streaming_with_kafka.py\", line 343, in submit_spark","logger":"task.stderr"}
{"timestamp":"2026-04-17T12:42:06.485762Z","level":"error","event":"    logger.error(\"Error\",e.stderr)","logger":"task.stderr"}
{"timestamp":"2026-04-17T12:42:06.486503Z","level":"error","event":"Message: 'Error'","logger":"task.stderr"}
{"timestamp":"2026-04-17T12:42:06.487156Z","level":"error","event":"Arguments: ('failed to connect to the docker API at unix:///var/run/docker.sock; check if the path is correct and if the daemon is running: dial unix /var/run/docker.sock: connect: no such file or directory\\n',)","logger":"task.stderr"}
