{"timestamp":"2026-04-17T14:26:12.818888Z","level":"info","event":"DAG bundles loaded: dags-folder","logger":"airflow.dag_processing.bundles.manager.DagBundlesManager","filename":"manager.py","lineno":209}
{"timestamp":"2026-04-17T14:26:12.821788Z","level":"info","event":"Filling up the DagBag from /opt/airflow/dags/streaming_with_kafka.py","logger":"airflow.dag_processing.dagbag.BundleDagBag","filename":"dagbag.py","lineno":469}
{"timestamp":"2026-04-17T14:26:13.545325Z","level":"error","event":"Spark job failed!","logger":"unusual_prefix_d22024e3fefcf13b200722fad73a7e59e7a33f51_streaming_with_kafka","filename":"streaming_with_kafka.py","lineno":342}
{"timestamp":"2026-04-17T14:26:13.546568Z","level":"error","event":"--- Logging error ---","logger":"task.stderr"}
{"timestamp":"2026-04-17T14:26:13.551513Z","level":"error","event":"Traceback (most recent call last):","logger":"task.stderr"}
{"timestamp":"2026-04-17T14:26:13.551969Z","level":"error","event":"  File \"/opt/airflow/dags/streaming_with_kafka.py\", line 332, in submit_spark","logger":"task.stderr"}
{"timestamp":"2026-04-17T14:26:13.552248Z","level":"error","event":"    result = subprocess.run(","logger":"task.stderr"}
{"timestamp":"2026-04-17T14:26:13.552491Z","level":"error","event":"             ^^^^^^^^^^^^^^^","logger":"task.stderr"}
{"timestamp":"2026-04-17T14:26:13.552768Z","level":"error","event":"  File \"/usr/python/lib/python3.12/subprocess.py\", line 571, in run","logger":"task.stderr"}
{"timestamp":"2026-04-17T14:26:13.553058Z","level":"error","event":"    raise CalledProcessError(retcode, process.args,","logger":"task.stderr"}
{"timestamp":"2026-04-17T14:26:13.553403Z","level":"error","event":"subprocess.CalledProcessError: Command '['docker', 'exec', 'spark-master', '/opt/spark/bin/spark-submit', '--master', 'spark://spark-master:7077', '--deploy-mode', 'client', '/opt/spark_jobs/jobs/spark_streaming_job.py']' returned non-zero exit status 1.","logger":"task.stderr"}
{"timestamp":"2026-04-17T14:26:13.553822Z","level":"error","event":"","logger":"task.stderr"}
{"timestamp":"2026-04-17T14:26:13.554237Z","level":"error","event":"During handling of the above exception, another exception occurred:","logger":"task.stderr"}
{"timestamp":"2026-04-17T14:26:13.554704Z","level":"error","event":"","logger":"task.stderr"}
{"timestamp":"2026-04-17T14:26:13.555159Z","level":"error","event":"Traceback (most recent call last):","logger":"task.stderr"}
{"timestamp":"2026-04-17T14:26:13.556024Z","level":"error","event":"  File \"/usr/python/lib/python3.12/logging/__init__.py\", line 1160, in emit","logger":"task.stderr"}
{"timestamp":"2026-04-17T14:26:13.556518Z","level":"error","event":"    msg = self.format(record)","logger":"task.stderr"}
{"timestamp":"2026-04-17T14:26:13.557047Z","level":"error","event":"          ^^^^^^^^^^^^^^^^^^^","logger":"task.stderr"}
{"timestamp":"2026-04-17T14:26:13.557596Z","level":"error","event":"  File \"/usr/python/lib/python3.12/logging/__init__.py\", line 999, in format","logger":"task.stderr"}
{"timestamp":"2026-04-17T14:26:13.558190Z","level":"error","event":"    return fmt.format(record)","logger":"task.stderr"}
{"timestamp":"2026-04-17T14:26:13.558663Z","level":"error","event":"           ^^^^^^^^^^^^^^^^^^","logger":"task.stderr"}
{"timestamp":"2026-04-17T14:26:13.558971Z","level":"error","event":"  File \"/home/airflow/.local/lib/python3.12/site-packages/structlog/stdlib.py\", line 1154, in format","logger":"task.stderr"}
{"timestamp":"2026-04-17T14:26:13.559233Z","level":"error","event":"    ed = cast(EventDict, proc(logger, meth_name, ed))","logger":"task.stderr"}
{"timestamp":"2026-04-17T14:26:13.559502Z","level":"error","event":"                         ^^^^^^^^^^^^^^^^^^^^^^^^^^^","logger":"task.stderr"}
{"timestamp":"2026-04-17T14:26:13.559814Z","level":"error","event":"  File \"/home/airflow/.local/lib/python3.12/site-packages/structlog/stdlib.py\", line 767, in __call__","logger":"task.stderr"}
{"timestamp":"2026-04-17T14:26:13.560088Z","level":"error","event":"    event_dict[\"event\"] %= args","logger":"task.stderr"}
{"timestamp":"2026-04-17T14:26:13.560490Z","level":"error","event":"TypeError: not all arguments converted during string formatting","logger":"task.stderr"}
{"timestamp":"2026-04-17T14:26:13.560851Z","level":"error","event":"Call stack:","logger":"task.stderr"}
{"timestamp":"2026-04-17T14:26:13.563848Z","level":"error","event":"  File \"/home/airflow/.local/bin/airflow\", line 6, in <module>","logger":"task.stderr"}
{"timestamp":"2026-04-17T14:26:13.564212Z","level":"error","event":"    sys.exit(main())","logger":"task.stderr"}
{"timestamp":"2026-04-17T14:26:13.564543Z","level":"error","event":"  File \"/home/airflow/.local/lib/python3.12/site-packages/airflow/__main__.py\", line 55, in main","logger":"task.stderr"}
{"timestamp":"2026-04-17T14:26:13.564862Z","level":"error","event":"    args.func(args)","logger":"task.stderr"}
{"timestamp":"2026-04-17T14:26:13.565172Z","level":"error","event":"  File \"/home/airflow/.local/lib/python3.12/site-packages/airflow/cli/cli_config.py\", line 49, in command","logger":"task.stderr"}
{"timestamp":"2026-04-17T14:26:13.565486Z","level":"error","event":"    return func(*args, **kwargs)","logger":"task.stderr"}
{"timestamp":"2026-04-17T14:26:13.565824Z","level":"error","event":"  File \"/home/airflow/.local/lib/python3.12/site-packages/airflow/utils/cli.py\", line 113, in wrapper","logger":"task.stderr"}
{"timestamp":"2026-04-17T14:26:13.566178Z","level":"error","event":"    return f(*args, **kwargs)","logger":"task.stderr"}
{"timestamp":"2026-04-17T14:26:13.566515Z","level":"error","event":"  File \"/home/airflow/.local/lib/python3.12/site-packages/airflow/providers/celery/cli/celery_command.py\", line 67, in wrapper","logger":"task.stderr"}
{"timestamp":"2026-04-17T14:26:13.566863Z","level":"error","event":"    providers_configuration_loaded(func)(*args, **kwargs)","logger":"task.stderr"}
{"timestamp":"2026-04-17T14:26:13.567129Z","level":"error","event":"  File \"/home/airflow/.local/lib/python3.12/site-packages/airflow/utils/providers_configuration_loader.py\", line 54, in wrapped_function","logger":"task.stderr"}
{"timestamp":"2026-04-17T14:26:13.567405Z","level":"error","event":"    return func(*args, **kwargs)","logger":"task.stderr"}
{"timestamp":"2026-04-17T14:26:13.567657Z","level":"error","event":"  File \"/home/airflow/.local/lib/python3.12/site-packages/airflow/providers/celery/cli/celery_command.py\", line 320, in worker","logger":"task.stderr"}
{"timestamp":"2026-04-17T14:26:13.567914Z","level":"error","event":"    _run_command_with_daemon_option(","logger":"task.stderr"}
{"timestamp":"2026-04-17T14:26:13.568156Z","level":"error","event":"  File \"/home/airflow/.local/lib/python3.12/site-packages/airflow/providers/celery/cli/celery_command.py\", line 53, in _run_command_with_daemon_option","logger":"task.stderr"}
{"timestamp":"2026-04-17T14:26:13.568423Z","level":"error","event":"    run_command_with_daemon_option(*args, **kwargs)","logger":"task.stderr"}
{"timestamp":"2026-04-17T14:26:13.568665Z","level":"error","event":"  File \"/home/airflow/.local/lib/python3.12/site-packages/airflow/cli/commands/daemon_utils.py\", line 86, in run_command_with_daemon_option","logger":"task.stderr"}
{"timestamp":"2026-04-17T14:26:13.568919Z","level":"error","event":"    callback()","logger":"task.stderr"}
{"timestamp":"2026-04-17T14:26:13.569159Z","level":"error","event":"  File \"/home/airflow/.local/lib/python3.12/site-packages/airflow/providers/celery/cli/celery_command.py\", line 313, in run_celery_worker","logger":"task.stderr"}
{"timestamp":"2026-04-17T14:26:13.569415Z","level":"error","event":"    celery_app.worker_main(options)","logger":"task.stderr"}
{"timestamp":"2026-04-17T14:26:13.569845Z","level":"error","event":"  File \"/home/airflow/.local/lib/python3.12/site-packages/celery/app/base.py\", line 487, in worker_main","logger":"task.stderr"}
{"timestamp":"2026-04-17T14:26:13.570119Z","level":"error","event":"    self.start(argv=argv)","logger":"task.stderr"}
{"timestamp":"2026-04-17T14:26:13.570463Z","level":"error","event":"  File \"/home/airflow/.local/lib/python3.12/site-packages/celery/app/base.py\", line 467, in start","logger":"task.stderr"}
{"timestamp":"2026-04-17T14:26:13.571007Z","level":"error","event":"    celery.main(args=argv, standalone_mode=False)","logger":"task.stderr"}
{"timestamp":"2026-04-17T14:26:13.571385Z","level":"error","event":"  File \"/home/airflow/.local/lib/python3.12/site-packages/click/core.py\", line 1406, in main","logger":"task.stderr"}
{"timestamp":"2026-04-17T14:26:13.571713Z","level":"error","event":"    rv = self.invoke(ctx)","logger":"task.stderr"}
{"timestamp":"2026-04-17T14:26:13.572011Z","level":"error","event":"  File \"/home/airflow/.local/lib/python3.12/site-packages/click/core.py\", line 1873, in invoke","logger":"task.stderr"}
{"timestamp":"2026-04-17T14:26:13.572321Z","level":"error","event":"    return _process_result(sub_ctx.command.invoke(sub_ctx))","logger":"task.stderr"}
{"timestamp":"2026-04-17T14:26:13.572789Z","level":"error","event":"  File \"/home/airflow/.local/lib/python3.12/site-packages/click/core.py\", line 1269, in invoke","logger":"task.stderr"}
{"timestamp":"2026-04-17T14:26:13.573116Z","level":"error","event":"    return ctx.invoke(self.callback, **ctx.params)","logger":"task.stderr"}
{"timestamp":"2026-04-17T14:26:13.573457Z","level":"error","event":"  File \"/home/airflow/.local/lib/python3.12/site-packages/click/core.py\", line 824, in invoke","logger":"task.stderr"}
{"timestamp":"2026-04-17T14:26:13.573819Z","level":"error","event":"    return callback(*args, **kwargs)","logger":"task.stderr"}
{"timestamp":"2026-04-17T14:26:13.574213Z","level":"error","event":"  File \"/home/airflow/.local/lib/python3.12/site-packages/click/decorators.py\", line 34, in new_func","logger":"task.stderr"}
{"timestamp":"2026-04-17T14:26:13.574649Z","level":"error","event":"    return f(get_current_context(), *args, **kwargs)","logger":"task.stderr"}
{"timestamp":"2026-04-17T14:26:13.575015Z","level":"error","event":"  File \"/home/airflow/.local/lib/python3.12/site-packages/celery/bin/base.py\", line 135, in caller","logger":"task.stderr"}
{"timestamp":"2026-04-17T14:26:13.575350Z","level":"error","event":"    return f(ctx, *args, **kwargs)","logger":"task.stderr"}
{"timestamp":"2026-04-17T14:26:13.575638Z","level":"error","event":"  File \"/home/airflow/.local/lib/python3.12/site-packages/celery/bin/worker.py\", line 367, in worker","logger":"task.stderr"}
{"timestamp":"2026-04-17T14:26:13.575911Z","level":"error","event":"    worker.start()","logger":"task.stderr"}
{"timestamp":"2026-04-17T14:26:13.576177Z","level":"error","event":"  File \"/home/airflow/.local/lib/python3.12/site-packages/celery/worker/worker.py\", line 203, in start","logger":"task.stderr"}
{"timestamp":"2026-04-17T14:26:13.576469Z","level":"error","event":"    self.blueprint.start(self)","logger":"task.stderr"}
{"timestamp":"2026-04-17T14:26:13.576732Z","level":"error","event":"  File \"/home/airflow/.local/lib/python3.12/site-packages/celery/bootsteps.py\", line 116, in start","logger":"task.stderr"}
{"timestamp":"2026-04-17T14:26:13.576996Z","level":"error","event":"    step.start(parent)","logger":"task.stderr"}
{"timestamp":"2026-04-17T14:26:13.577231Z","level":"error","event":"  File \"/home/airflow/.local/lib/python3.12/site-packages/celery/bootsteps.py\", line 365, in start","logger":"task.stderr"}
{"timestamp":"2026-04-17T14:26:13.577487Z","level":"error","event":"    return self.obj.start()","logger":"task.stderr"}
{"timestamp":"2026-04-17T14:26:13.577873Z","level":"error","event":"  File \"/home/airflow/.local/lib/python3.12/site-packages/celery/concurrency/base.py\", line 130, in start","logger":"task.stderr"}
{"timestamp":"2026-04-17T14:26:13.578189Z","level":"error","event":"    self.on_start()","logger":"task.stderr"}
{"timestamp":"2026-04-17T14:26:13.578423Z","level":"error","event":"  File \"/home/airflow/.local/lib/python3.12/site-packages/celery/concurrency/prefork.py\", line 112, in on_start","logger":"task.stderr"}
{"timestamp":"2026-04-17T14:26:13.578657Z","level":"error","event":"    P = self._pool = Pool(processes=self.limit,","logger":"task.stderr"}
{"timestamp":"2026-04-17T14:26:13.578944Z","level":"error","event":"  File \"/home/airflow/.local/lib/python3.12/site-packages/celery/concurrency/asynpool.py\", line 475, in __init__","logger":"task.stderr"}
{"timestamp":"2026-04-17T14:26:13.579230Z","level":"error","event":"    super().__init__(processes, *args, **kwargs)","logger":"task.stderr"}
{"timestamp":"2026-04-17T14:26:13.579505Z","level":"error","event":"  File \"/home/airflow/.local/lib/python3.12/site-packages/billiard/pool.py\", line 1046, in __init__","logger":"task.stderr"}
{"timestamp":"2026-04-17T14:26:13.579757Z","level":"error","event":"    self._create_worker_process(i)","logger":"task.stderr"}
{"timestamp":"2026-04-17T14:26:13.579997Z","level":"error","event":"  File \"/home/airflow/.local/lib/python3.12/site-packages/celery/concurrency/asynpool.py\", line 493, in _create_worker_process","logger":"task.stderr"}
{"timestamp":"2026-04-17T14:26:13.580231Z","level":"error","event":"    return super()._create_worker_process(i)","logger":"task.stderr"}
{"timestamp":"2026-04-17T14:26:13.580486Z","level":"error","event":"  File \"/home/airflow/.local/lib/python3.12/site-packages/billiard/pool.py\", line 1158, in _create_worker_process","logger":"task.stderr"}
{"timestamp":"2026-04-17T14:26:13.580731Z","level":"error","event":"    w.start()","logger":"task.stderr"}
{"timestamp":"2026-04-17T14:26:13.580969Z","level":"error","event":"  File \"/home/airflow/.local/lib/python3.12/site-packages/billiard/process.py\", line 120, in start","logger":"task.stderr"}
{"timestamp":"2026-04-17T14:26:13.581201Z","level":"error","event":"    self._popen = self._Popen(self)","logger":"task.stderr"}
{"timestamp":"2026-04-17T14:26:13.581458Z","level":"error","event":"  File \"/home/airflow/.local/lib/python3.12/site-packages/billiard/context.py\", line 331, in _Popen","logger":"task.stderr"}
{"timestamp":"2026-04-17T14:26:13.581794Z","level":"error","event":"    return Popen(process_obj)","logger":"task.stderr"}
{"timestamp":"2026-04-17T14:26:13.582054Z","level":"error","event":"  File \"/home/airflow/.local/lib/python3.12/site-packages/billiard/popen_fork.py\", line 22, in __init__","logger":"task.stderr"}
{"timestamp":"2026-04-17T14:26:13.582297Z","level":"error","event":"    self._launch(process_obj)","logger":"task.stderr"}
{"timestamp":"2026-04-17T14:26:13.582523Z","level":"error","event":"  File \"/home/airflow/.local/lib/python3.12/site-packages/billiard/popen_fork.py\", line 77, in _launch","logger":"task.stderr"}
{"timestamp":"2026-04-17T14:26:13.582768Z","level":"error","event":"    code = process_obj._bootstrap()","logger":"task.stderr"}
{"timestamp":"2026-04-17T14:26:13.583058Z","level":"error","event":"  File \"/home/airflow/.local/lib/python3.12/site-packages/billiard/process.py\", line 323, in _bootstrap","logger":"task.stderr"}
{"timestamp":"2026-04-17T14:26:13.583299Z","level":"error","event":"    self.run()","logger":"task.stderr"}
{"timestamp":"2026-04-17T14:26:13.583529Z","level":"error","event":"  File \"/home/airflow/.local/lib/python3.12/site-packages/billiard/process.py\", line 110, in run","logger":"task.stderr"}
{"timestamp":"2026-04-17T14:26:13.583752Z","level":"error","event":"    self._target(*self._args, **self._kwargs)","logger":"task.stderr"}
{"timestamp":"2026-04-17T14:26:13.583994Z","level":"error","event":"  File \"/home/airflow/.local/lib/python3.12/site-packages/billiard/pool.py\", line 292, in __call__","logger":"task.stderr"}
{"timestamp":"2026-04-17T14:26:13.584239Z","level":"error","event":"    sys.exit(self.workloop(pid=pid))","logger":"task.stderr"}
{"timestamp":"2026-04-17T14:26:13.584486Z","level":"error","event":"  File \"/home/airflow/.local/lib/python3.12/site-packages/billiard/pool.py\", line 362, in workloop","logger":"task.stderr"}
{"timestamp":"2026-04-17T14:26:13.584734Z","level":"error","event":"    result = (True, prepare_result(fun(*args, **kwargs)))","logger":"task.stderr"}
{"timestamp":"2026-04-17T14:26:13.584994Z","level":"error","event":"  File \"/home/airflow/.local/lib/python3.12/site-packages/celery/app/trace.py\", line 694, in fast_trace_task","logger":"task.stderr"}
{"timestamp":"2026-04-17T14:26:13.585312Z","level":"error","event":"    R, I, T, Rstr = tasks[task].__trace__(","logger":"task.stderr"}
{"timestamp":"2026-04-17T14:26:13.585551Z","level":"error","event":"  File \"/home/airflow/.local/lib/python3.12/site-packages/celery/app/trace.py\", line 479, in trace_task","logger":"task.stderr"}
{"timestamp":"2026-04-17T14:26:13.585853Z","level":"error","event":"    R = retval = fun(*args, **kwargs)","logger":"task.stderr"}
{"timestamp":"2026-04-17T14:26:13.586108Z","level":"error","event":"  File \"/home/airflow/.local/lib/python3.12/site-packages/celery/app/trace.py\", line 779, in __protected_call__","logger":"task.stderr"}
{"timestamp":"2026-04-17T14:26:13.586351Z","level":"error","event":"    return self.run(*args, **kwargs)","logger":"task.stderr"}
{"timestamp":"2026-04-17T14:26:13.564785Z","level":"error","event":"Task failed with exception","logger":"task","filename":"task_runner.py","lineno":1347,"error_detail":[{"exc_type":"CalledProcessError","exc_value":"Command '['docker', 'exec', 'spark-master', '/opt/spark/bin/spark-submit', '--master', 'spark://spark-master:7077', '--deploy-mode', 'client', '/opt/spark_jobs/jobs/spark_streaming_job.py']' returned non-zero exit status 1.","exc_notes":[],"syntax_error":null,"is_cause":false,"frames":[{"filename":"/home/airflow/.local/lib/python3.12/site-packages/airflow/sdk/execution_time/task_runner.py","lineno":1263,"name":"run"},{"filename":"/home/airflow/.local/lib/python3.12/site-packages/airflow/sdk/execution_time/task_runner.py","lineno":1678,"name":"_execute_task"},{"filename":"/home/airflow/.local/lib/python3.12/site-packages/airflow/sdk/bases/operator.py","lineno":443,"name":"wrapper"},{"filename":"/home/airflow/.local/lib/python3.12/site-packages/airflow/sdk/bases/decorator.py","lineno":397,"name":"execute"},{"filename":"/home/airflow/.local/lib/python3.12/site-packages/airflow/sdk/bases/operator.py","lineno":443,"name":"wrapper"},{"filename":"/home/airflow/.local/lib/python3.12/site-packages/airflow/providers/standard/operators/python.py","lineno":227,"name":"execute"},{"filename":"/home/airflow/.local/lib/python3.12/site-packages/airflow/providers/standard/operators/python.py","lineno":250,"name":"execute_callable"},{"filename":"/home/airflow/.local/lib/python3.12/site-packages/airflow/sdk/execution_time/callback_runner.py","lineno":97,"name":"run"},{"filename":"/opt/airflow/dags/streaming_with_kafka.py","lineno":332,"name":"submit_spark"},{"filename":"/usr/python/lib/python3.12/subprocess.py","lineno":571,"name":"run"}],"is_group":false,"exceptions":[]}]}
{"timestamp":"2026-04-17T14:26:13.587607Z","level":"error","event":"  File \"/home/airflow/.local/lib/python3.12/site-packages/airflow/providers/celery/executors/celery_executor_utils.py\", line 202, in execute_workload","logger":"task.stderr"}
{"timestamp":"2026-04-17T14:26:13.588244Z","level":"error","event":"    supervise(","logger":"task.stderr"}
{"timestamp":"2026-04-17T14:26:13.588739Z","level":"error","event":"  File \"/home/airflow/.local/lib/python3.12/site-packages/airflow/sdk/execution_time/supervisor.py\", line 2097, in supervise","logger":"task.stderr"}
{"timestamp":"2026-04-17T14:26:13.589255Z","level":"error","event":"    process = ActivitySubprocess.start(","logger":"task.stderr"}
{"timestamp":"2026-04-17T14:26:13.590023Z","level":"error","event":"  File \"/home/airflow/.local/lib/python3.12/site-packages/airflow/sdk/execution_time/supervisor.py\", line 1006, in start","logger":"task.stderr"}
{"timestamp":"2026-04-17T14:26:13.590634Z","level":"error","event":"    proc: Self = super().start(id=what.id, client=client, target=target, logger=logger, **kwargs)","logger":"task.stderr"}
{"timestamp":"2026-04-17T14:26:13.591123Z","level":"error","event":"  File \"/home/airflow/.local/lib/python3.12/site-packages/airflow/sdk/execution_time/supervisor.py\", line 516, in start","logger":"task.stderr"}
{"timestamp":"2026-04-17T14:26:13.591524Z","level":"error","event":"    _fork_main(child_requests, child_stdout, child_stderr, child_logs.fileno(), target)","logger":"task.stderr"}
{"timestamp":"2026-04-17T14:26:13.591929Z","level":"error","event":"  File \"/home/airflow/.local/lib/python3.12/site-packages/airflow/sdk/execution_time/supervisor.py\", line 415, in _fork_main","logger":"task.stderr"}
{"timestamp":"2026-04-17T14:26:13.592276Z","level":"error","event":"    target()","logger":"task.stderr"}
{"timestamp":"2026-04-17T14:26:13.592587Z","level":"error","event":"  File \"/home/airflow/.local/lib/python3.12/site-packages/airflow/sdk/execution_time/supervisor.py\", line 208, in _subprocess_main","logger":"task.stderr"}
{"timestamp":"2026-04-17T14:26:13.592889Z","level":"error","event":"    main()","logger":"task.stderr"}
{"timestamp":"2026-04-17T14:26:13.593193Z","level":"error","event":"  File \"/usr/python/lib/python3.12/contextlib.py\", line 81, in inner","logger":"task.stderr"}
{"timestamp":"2026-04-17T14:26:13.593500Z","level":"error","event":"    return func(*args, **kwds)","logger":"task.stderr"}
{"timestamp":"2026-04-17T14:26:13.593794Z","level":"error","event":"  File \"/home/airflow/.local/lib/python3.12/site-packages/airflow/sdk/execution_time/task_runner.py\", line 1874, in main","logger":"task.stderr"}
{"timestamp":"2026-04-17T14:26:13.594102Z","level":"error","event":"    state, _, error = run(ti, context, log)","logger":"task.stderr"}
{"timestamp":"2026-04-17T14:26:13.594392Z","level":"error","event":"  File \"/home/airflow/.local/lib/python3.12/site-packages/airflow/sdk/execution_time/task_runner.py\", line 1263, in run","logger":"task.stderr"}
{"timestamp":"2026-04-17T14:26:13.594651Z","level":"error","event":"    result = _execute_task(context=context, ti=ti, log=log)","logger":"task.stderr"}
{"timestamp":"2026-04-17T14:26:13.594951Z","level":"error","event":"  File \"/home/airflow/.local/lib/python3.12/site-packages/airflow/sdk/execution_time/task_runner.py\", line 1678, in _execute_task","logger":"task.stderr"}
{"timestamp":"2026-04-17T14:26:13.595214Z","level":"error","event":"    result = ctx.run(execute, context=context)","logger":"task.stderr"}
{"timestamp":"2026-04-17T14:26:13.595472Z","level":"error","event":"  File \"/home/airflow/.local/lib/python3.12/site-packages/airflow/sdk/bases/operator.py\", line 443, in wrapper","logger":"task.stderr"}
{"timestamp":"2026-04-17T14:26:13.595725Z","level":"error","event":"    return func(self, *args, **kwargs)","logger":"task.stderr"}
{"timestamp":"2026-04-17T14:26:13.595971Z","level":"error","event":"  File \"/home/airflow/.local/lib/python3.12/site-packages/airflow/sdk/bases/decorator.py\", line 397, in execute","logger":"task.stderr"}
{"timestamp":"2026-04-17T14:26:13.596201Z","level":"error","event":"    return_value = super().execute(context)","logger":"task.stderr"}
{"timestamp":"2026-04-17T14:26:13.596430Z","level":"error","event":"  File \"/home/airflow/.local/lib/python3.12/site-packages/airflow/sdk/bases/operator.py\", line 443, in wrapper","logger":"task.stderr"}
{"timestamp":"2026-04-17T14:26:13.596661Z","level":"error","event":"    return func(self, *args, **kwargs)","logger":"task.stderr"}
{"timestamp":"2026-04-17T14:26:13.596892Z","level":"error","event":"  File \"/home/airflow/.local/lib/python3.12/site-packages/airflow/providers/standard/operators/python.py\", line 227, in execute","logger":"task.stderr"}
{"timestamp":"2026-04-17T14:26:13.597167Z","level":"error","event":"    return_value = self.execute_callable()","logger":"task.stderr"}
{"timestamp":"2026-04-17T14:26:13.597417Z","level":"error","event":"  File \"/home/airflow/.local/lib/python3.12/site-packages/airflow/providers/standard/operators/python.py\", line 250, in execute_callable","logger":"task.stderr"}
{"timestamp":"2026-04-17T14:26:13.597676Z","level":"error","event":"    return runner.run(*self.op_args, **self.op_kwargs)","logger":"task.stderr"}
{"timestamp":"2026-04-17T14:26:13.597990Z","level":"error","event":"  File \"/home/airflow/.local/lib/python3.12/site-packages/airflow/sdk/execution_time/callback_runner.py\", line 97, in run","logger":"task.stderr"}
{"timestamp":"2026-04-17T14:26:13.598246Z","level":"error","event":"    return func(*args, **kwargs)","logger":"task.stderr"}
{"timestamp":"2026-04-17T14:26:13.598531Z","level":"error","event":"  File \"/opt/airflow/dags/streaming_with_kafka.py\", line 343, in submit_spark","logger":"task.stderr"}
{"timestamp":"2026-04-17T14:26:13.598805Z","level":"error","event":"    logger.error(\"Error\",e.stderr)","logger":"task.stderr"}
{"timestamp":"2026-04-17T14:26:13.599067Z","level":"error","event":"Message: 'Error'","logger":"task.stderr"}
{"timestamp":"2026-04-17T14:26:13.599317Z","level":"error","event":"Arguments: ('failed to connect to the docker API at unix:///var/run/docker.sock; check if the path is correct and if the daemon is running: dial unix /var/run/docker.sock: connect: no such file or directory\\n',)","logger":"task.stderr"}
