{"timestamp":"2026-04-17T12:50:13.143737Z","level":"info","event":"DAG bundles loaded: dags-folder","logger":"airflow.dag_processing.bundles.manager.DagBundlesManager","filename":"manager.py","lineno":209}
{"timestamp":"2026-04-17T12:50:13.150726Z","level":"info","event":"Filling up the DagBag from /opt/airflow/dags/streaming_with_kafka.py","logger":"airflow.dag_processing.dagbag.BundleDagBag","filename":"dagbag.py","lineno":469}
{"timestamp":"2026-04-17T12:50:14.223912Z","level":"error","event":"Spark job failed!","logger":"unusual_prefix_d22024e3fefcf13b200722fad73a7e59e7a33f51_streaming_with_kafka","filename":"streaming_with_kafka.py","lineno":342}
{"timestamp":"2026-04-17T12:50:14.226815Z","level":"error","event":"--- Logging error ---","logger":"task.stderr"}
{"timestamp":"2026-04-17T12:50:14.232782Z","level":"error","event":"Traceback (most recent call last):","logger":"task.stderr"}
{"timestamp":"2026-04-17T12:50:14.233597Z","level":"error","event":"  File \"/opt/airflow/dags/streaming_with_kafka.py\", line 332, in submit_spark","logger":"task.stderr"}
{"timestamp":"2026-04-17T12:50:14.234202Z","level":"error","event":"    result = subprocess.run(","logger":"task.stderr"}
{"timestamp":"2026-04-17T12:50:14.234855Z","level":"error","event":"             ^^^^^^^^^^^^^^^","logger":"task.stderr"}
{"timestamp":"2026-04-17T12:50:14.235491Z","level":"error","event":"  File \"/usr/python/lib/python3.12/subprocess.py\", line 571, in run","logger":"task.stderr"}
{"timestamp":"2026-04-17T12:50:14.236211Z","level":"error","event":"    raise CalledProcessError(retcode, process.args,","logger":"task.stderr"}
{"timestamp":"2026-04-17T12:50:14.236682Z","level":"error","event":"subprocess.CalledProcessError: Command '['docker', 'exec', 'spark-master', '/opt/spark/bin/spark-submit', '--master', 'spark://spark-master:7077', '--deploy-mode', 'client', '/opt/spark_jobs/jobs/spark_streaming_job.py']' returned non-zero exit status 1.","logger":"task.stderr"}
{"timestamp":"2026-04-17T12:50:14.237285Z","level":"error","event":"","logger":"task.stderr"}
{"timestamp":"2026-04-17T12:50:14.237859Z","level":"error","event":"During handling of the above exception, another exception occurred:","logger":"task.stderr"}
{"timestamp":"2026-04-17T12:50:14.238408Z","level":"error","event":"","logger":"task.stderr"}
{"timestamp":"2026-04-17T12:50:14.238931Z","level":"error","event":"Traceback (most recent call last):","logger":"task.stderr"}
{"timestamp":"2026-04-17T12:50:14.239410Z","level":"error","event":"  File \"/usr/python/lib/python3.12/logging/__init__.py\", line 1160, in emit","logger":"task.stderr"}
{"timestamp":"2026-04-17T12:50:14.239953Z","level":"error","event":"    msg = self.format(record)","logger":"task.stderr"}
{"timestamp":"2026-04-17T12:50:14.240484Z","level":"error","event":"          ^^^^^^^^^^^^^^^^^^^","logger":"task.stderr"}
{"timestamp":"2026-04-17T12:50:14.240965Z","level":"error","event":"  File \"/usr/python/lib/python3.12/logging/__init__.py\", line 999, in format","logger":"task.stderr"}
{"timestamp":"2026-04-17T12:50:14.241474Z","level":"error","event":"    return fmt.format(record)","logger":"task.stderr"}
{"timestamp":"2026-04-17T12:50:14.242015Z","level":"error","event":"           ^^^^^^^^^^^^^^^^^^","logger":"task.stderr"}
{"timestamp":"2026-04-17T12:50:14.242489Z","level":"error","event":"  File \"/home/airflow/.local/lib/python3.12/site-packages/structlog/stdlib.py\", line 1154, in format","logger":"task.stderr"}
{"timestamp":"2026-04-17T12:50:14.243046Z","level":"error","event":"    ed = cast(EventDict, proc(logger, meth_name, ed))","logger":"task.stderr"}
{"timestamp":"2026-04-17T12:50:14.243545Z","level":"error","event":"                         ^^^^^^^^^^^^^^^^^^^^^^^^^^^","logger":"task.stderr"}
{"timestamp":"2026-04-17T12:50:14.244154Z","level":"error","event":"  File \"/home/airflow/.local/lib/python3.12/site-packages/structlog/stdlib.py\", line 767, in __call__","logger":"task.stderr"}
{"timestamp":"2026-04-17T12:50:14.244672Z","level":"error","event":"    event_dict[\"event\"] %= args","logger":"task.stderr"}
{"timestamp":"2026-04-17T12:50:14.245185Z","level":"error","event":"TypeError: not all arguments converted during string formatting","logger":"task.stderr"}
{"timestamp":"2026-04-17T12:50:14.245786Z","level":"error","event":"Call stack:","logger":"task.stderr"}
{"timestamp":"2026-04-17T12:50:14.248703Z","level":"error","event":"  File \"/home/airflow/.local/bin/airflow\", line 6, in <module>","logger":"task.stderr"}
{"timestamp":"2026-04-17T12:50:14.249353Z","level":"error","event":"    sys.exit(main())","logger":"task.stderr"}
{"timestamp":"2026-04-17T12:50:14.250093Z","level":"error","event":"  File \"/home/airflow/.local/lib/python3.12/site-packages/airflow/__main__.py\", line 55, in main","logger":"task.stderr"}
{"timestamp":"2026-04-17T12:50:14.250617Z","level":"error","event":"    args.func(args)","logger":"task.stderr"}
{"timestamp":"2026-04-17T12:50:14.251171Z","level":"error","event":"  File \"/home/airflow/.local/lib/python3.12/site-packages/airflow/cli/cli_config.py\", line 49, in command","logger":"task.stderr"}
{"timestamp":"2026-04-17T12:50:14.251730Z","level":"error","event":"    return func(*args, **kwargs)","logger":"task.stderr"}
{"timestamp":"2026-04-17T12:50:14.252316Z","level":"error","event":"  File \"/home/airflow/.local/lib/python3.12/site-packages/airflow/utils/cli.py\", line 113, in wrapper","logger":"task.stderr"}
{"timestamp":"2026-04-17T12:50:14.252854Z","level":"error","event":"    return f(*args, **kwargs)","logger":"task.stderr"}
{"timestamp":"2026-04-17T12:50:14.253397Z","level":"error","event":"  File \"/home/airflow/.local/lib/python3.12/site-packages/airflow/providers/celery/cli/celery_command.py\", line 67, in wrapper","logger":"task.stderr"}
{"timestamp":"2026-04-17T12:50:14.253880Z","level":"error","event":"    providers_configuration_loaded(func)(*args, **kwargs)","logger":"task.stderr"}
{"timestamp":"2026-04-17T12:50:14.254303Z","level":"error","event":"  File \"/home/airflow/.local/lib/python3.12/site-packages/airflow/utils/providers_configuration_loader.py\", line 54, in wrapped_function","logger":"task.stderr"}
{"timestamp":"2026-04-17T12:50:14.254772Z","level":"error","event":"    return func(*args, **kwargs)","logger":"task.stderr"}
{"timestamp":"2026-04-17T12:50:14.255211Z","level":"error","event":"  File \"/home/airflow/.local/lib/python3.12/site-packages/airflow/providers/celery/cli/celery_command.py\", line 320, in worker","logger":"task.stderr"}
{"timestamp":"2026-04-17T12:50:14.255637Z","level":"error","event":"    _run_command_with_daemon_option(","logger":"task.stderr"}
{"timestamp":"2026-04-17T12:50:14.256095Z","level":"error","event":"  File \"/home/airflow/.local/lib/python3.12/site-packages/airflow/providers/celery/cli/celery_command.py\", line 53, in _run_command_with_daemon_option","logger":"task.stderr"}
{"timestamp":"2026-04-17T12:50:14.256487Z","level":"error","event":"    run_command_with_daemon_option(*args, **kwargs)","logger":"task.stderr"}
{"timestamp":"2026-04-17T12:50:14.256897Z","level":"error","event":"  File \"/home/airflow/.local/lib/python3.12/site-packages/airflow/cli/commands/daemon_utils.py\", line 86, in run_command_with_daemon_option","logger":"task.stderr"}
{"timestamp":"2026-04-17T12:50:14.257339Z","level":"error","event":"    callback()","logger":"task.stderr"}
{"timestamp":"2026-04-17T12:50:14.257717Z","level":"error","event":"  File \"/home/airflow/.local/lib/python3.12/site-packages/airflow/providers/celery/cli/celery_command.py\", line 313, in run_celery_worker","logger":"task.stderr"}
{"timestamp":"2026-04-17T12:50:14.258098Z","level":"error","event":"    celery_app.worker_main(options)","logger":"task.stderr"}
{"timestamp":"2026-04-17T12:50:14.258579Z","level":"error","event":"  File \"/home/airflow/.local/lib/python3.12/site-packages/celery/app/base.py\", line 487, in worker_main","logger":"task.stderr"}
{"timestamp":"2026-04-17T12:50:14.259008Z","level":"error","event":"    self.start(argv=argv)","logger":"task.stderr"}
{"timestamp":"2026-04-17T12:50:14.259349Z","level":"error","event":"  File \"/home/airflow/.local/lib/python3.12/site-packages/celery/app/base.py\", line 467, in start","logger":"task.stderr"}
{"timestamp":"2026-04-17T12:50:14.259788Z","level":"error","event":"    celery.main(args=argv, standalone_mode=False)","logger":"task.stderr"}
{"timestamp":"2026-04-17T12:50:14.260239Z","level":"error","event":"  File \"/home/airflow/.local/lib/python3.12/site-packages/click/core.py\", line 1406, in main","logger":"task.stderr"}
{"timestamp":"2026-04-17T12:50:14.260777Z","level":"error","event":"    rv = self.invoke(ctx)","logger":"task.stderr"}
{"timestamp":"2026-04-17T12:50:14.261291Z","level":"error","event":"  File \"/home/airflow/.local/lib/python3.12/site-packages/click/core.py\", line 1873, in invoke","logger":"task.stderr"}
{"timestamp":"2026-04-17T12:50:14.261793Z","level":"error","event":"    return _process_result(sub_ctx.command.invoke(sub_ctx))","logger":"task.stderr"}
{"timestamp":"2026-04-17T12:50:14.262226Z","level":"error","event":"  File \"/home/airflow/.local/lib/python3.12/site-packages/click/core.py\", line 1269, in invoke","logger":"task.stderr"}
{"timestamp":"2026-04-17T12:50:14.262684Z","level":"error","event":"    return ctx.invoke(self.callback, **ctx.params)","logger":"task.stderr"}
{"timestamp":"2026-04-17T12:50:14.263088Z","level":"error","event":"  File \"/home/airflow/.local/lib/python3.12/site-packages/click/core.py\", line 824, in invoke","logger":"task.stderr"}
{"timestamp":"2026-04-17T12:50:14.263466Z","level":"error","event":"    return callback(*args, **kwargs)","logger":"task.stderr"}
{"timestamp":"2026-04-17T12:50:14.263855Z","level":"error","event":"  File \"/home/airflow/.local/lib/python3.12/site-packages/click/decorators.py\", line 34, in new_func","logger":"task.stderr"}
{"timestamp":"2026-04-17T12:50:14.264236Z","level":"error","event":"    return f(get_current_context(), *args, **kwargs)","logger":"task.stderr"}
{"timestamp":"2026-04-17T12:50:14.264612Z","level":"error","event":"  File \"/home/airflow/.local/lib/python3.12/site-packages/celery/bin/base.py\", line 135, in caller","logger":"task.stderr"}
{"timestamp":"2026-04-17T12:50:14.265072Z","level":"error","event":"    return f(ctx, *args, **kwargs)","logger":"task.stderr"}
{"timestamp":"2026-04-17T12:50:14.265581Z","level":"error","event":"  File \"/home/airflow/.local/lib/python3.12/site-packages/celery/bin/worker.py\", line 367, in worker","logger":"task.stderr"}
{"timestamp":"2026-04-17T12:50:14.266039Z","level":"error","event":"    worker.start()","logger":"task.stderr"}
{"timestamp":"2026-04-17T12:50:14.266571Z","level":"error","event":"  File \"/home/airflow/.local/lib/python3.12/site-packages/celery/worker/worker.py\", line 203, in start","logger":"task.stderr"}
{"timestamp":"2026-04-17T12:50:14.267130Z","level":"error","event":"    self.blueprint.start(self)","logger":"task.stderr"}
{"timestamp":"2026-04-17T12:50:14.267595Z","level":"error","event":"  File \"/home/airflow/.local/lib/python3.12/site-packages/celery/bootsteps.py\", line 116, in start","logger":"task.stderr"}
{"timestamp":"2026-04-17T12:50:14.268050Z","level":"error","event":"    step.start(parent)","logger":"task.stderr"}
{"timestamp":"2026-04-17T12:50:14.268501Z","level":"error","event":"  File \"/home/airflow/.local/lib/python3.12/site-packages/celery/bootsteps.py\", line 365, in start","logger":"task.stderr"}
{"timestamp":"2026-04-17T12:50:14.269080Z","level":"error","event":"    return self.obj.start()","logger":"task.stderr"}
{"timestamp":"2026-04-17T12:50:14.269492Z","level":"error","event":"  File \"/home/airflow/.local/lib/python3.12/site-packages/celery/concurrency/base.py\", line 130, in start","logger":"task.stderr"}
{"timestamp":"2026-04-17T12:50:14.269980Z","level":"error","event":"    self.on_start()","logger":"task.stderr"}
{"timestamp":"2026-04-17T12:50:14.270418Z","level":"error","event":"  File \"/home/airflow/.local/lib/python3.12/site-packages/celery/concurrency/prefork.py\", line 112, in on_start","logger":"task.stderr"}
{"timestamp":"2026-04-17T12:50:14.275798Z","level":"error","event":"    P = self._pool = Pool(processes=self.limit,","logger":"task.stderr"}
{"timestamp":"2026-04-17T12:50:14.276325Z","level":"error","event":"  File \"/home/airflow/.local/lib/python3.12/site-packages/celery/concurrency/asynpool.py\", line 475, in __init__","logger":"task.stderr"}
{"timestamp":"2026-04-17T12:50:14.276660Z","level":"error","event":"    super().__init__(processes, *args, **kwargs)","logger":"task.stderr"}
{"timestamp":"2026-04-17T12:50:14.277080Z","level":"error","event":"  File \"/home/airflow/.local/lib/python3.12/site-packages/billiard/pool.py\", line 1046, in __init__","logger":"task.stderr"}
{"timestamp":"2026-04-17T12:50:14.277460Z","level":"error","event":"    self._create_worker_process(i)","logger":"task.stderr"}
{"timestamp":"2026-04-17T12:50:14.277939Z","level":"error","event":"  File \"/home/airflow/.local/lib/python3.12/site-packages/celery/concurrency/asynpool.py\", line 493, in _create_worker_process","logger":"task.stderr"}
{"timestamp":"2026-04-17T12:50:14.278486Z","level":"error","event":"    return super()._create_worker_process(i)","logger":"task.stderr"}
{"timestamp":"2026-04-17T12:50:14.279024Z","level":"error","event":"  File \"/home/airflow/.local/lib/python3.12/site-packages/billiard/pool.py\", line 1158, in _create_worker_process","logger":"task.stderr"}
{"timestamp":"2026-04-17T12:50:14.279528Z","level":"error","event":"    w.start()","logger":"task.stderr"}
{"timestamp":"2026-04-17T12:50:14.280262Z","level":"error","event":"  File \"/home/airflow/.local/lib/python3.12/site-packages/billiard/process.py\", line 120, in start","logger":"task.stderr"}
{"timestamp":"2026-04-17T12:50:14.281335Z","level":"error","event":"    self._popen = self._Popen(self)","logger":"task.stderr"}
{"timestamp":"2026-04-17T12:50:14.282267Z","level":"error","event":"  File \"/home/airflow/.local/lib/python3.12/site-packages/billiard/context.py\", line 331, in _Popen","logger":"task.stderr"}
{"timestamp":"2026-04-17T12:50:14.283379Z","level":"error","event":"    return Popen(process_obj)","logger":"task.stderr"}
{"timestamp":"2026-04-17T12:50:14.284027Z","level":"error","event":"  File \"/home/airflow/.local/lib/python3.12/site-packages/billiard/popen_fork.py\", line 22, in __init__","logger":"task.stderr"}
{"timestamp":"2026-04-17T12:50:14.284660Z","level":"error","event":"    self._launch(process_obj)","logger":"task.stderr"}
{"timestamp":"2026-04-17T12:50:14.285186Z","level":"error","event":"  File \"/home/airflow/.local/lib/python3.12/site-packages/billiard/popen_fork.py\", line 77, in _launch","logger":"task.stderr"}
{"timestamp":"2026-04-17T12:50:14.285632Z","level":"error","event":"    code = process_obj._bootstrap()","logger":"task.stderr"}
{"timestamp":"2026-04-17T12:50:14.286169Z","level":"error","event":"  File \"/home/airflow/.local/lib/python3.12/site-packages/billiard/process.py\", line 323, in _bootstrap","logger":"task.stderr"}
{"timestamp":"2026-04-17T12:50:14.286621Z","level":"error","event":"    self.run()","logger":"task.stderr"}
{"timestamp":"2026-04-17T12:50:14.287020Z","level":"error","event":"  File \"/home/airflow/.local/lib/python3.12/site-packages/billiard/process.py\", line 110, in run","logger":"task.stderr"}
{"timestamp":"2026-04-17T12:50:14.287440Z","level":"error","event":"    self._target(*self._args, **self._kwargs)","logger":"task.stderr"}
{"timestamp":"2026-04-17T12:50:14.287883Z","level":"error","event":"  File \"/home/airflow/.local/lib/python3.12/site-packages/billiard/pool.py\", line 292, in __call__","logger":"task.stderr"}
{"timestamp":"2026-04-17T12:50:14.288302Z","level":"error","event":"    sys.exit(self.workloop(pid=pid))","logger":"task.stderr"}
{"timestamp":"2026-04-17T12:50:14.288677Z","level":"error","event":"  File \"/home/airflow/.local/lib/python3.12/site-packages/billiard/pool.py\", line 362, in workloop","logger":"task.stderr"}
{"timestamp":"2026-04-17T12:50:14.289070Z","level":"error","event":"    result = (True, prepare_result(fun(*args, **kwargs)))","logger":"task.stderr"}
{"timestamp":"2026-04-17T12:50:14.289722Z","level":"error","event":"  File \"/home/airflow/.local/lib/python3.12/site-packages/celery/app/trace.py\", line 694, in fast_trace_task","logger":"task.stderr"}
{"timestamp":"2026-04-17T12:50:14.290172Z","level":"error","event":"    R, I, T, Rstr = tasks[task].__trace__(","logger":"task.stderr"}
{"timestamp":"2026-04-17T12:50:14.290588Z","level":"error","event":"  File \"/home/airflow/.local/lib/python3.12/site-packages/celery/app/trace.py\", line 479, in trace_task","logger":"task.stderr"}
{"timestamp":"2026-04-17T12:50:14.291034Z","level":"error","event":"    R = retval = fun(*args, **kwargs)","logger":"task.stderr"}
{"timestamp":"2026-04-17T12:50:14.291455Z","level":"error","event":"  File \"/home/airflow/.local/lib/python3.12/site-packages/celery/app/trace.py\", line 779, in __protected_call__","logger":"task.stderr"}
{"timestamp":"2026-04-17T12:50:14.291904Z","level":"error","event":"    return self.run(*args, **kwargs)","logger":"task.stderr"}
{"timestamp":"2026-04-17T12:50:14.249693Z","level":"error","event":"Task failed with exception","logger":"task","filename":"task_runner.py","lineno":1347,"error_detail":[{"exc_type":"CalledProcessError","exc_value":"Command '['docker', 'exec', 'spark-master', '/opt/spark/bin/spark-submit', '--master', 'spark://spark-master:7077', '--deploy-mode', 'client', '/opt/spark_jobs/jobs/spark_streaming_job.py']' returned non-zero exit status 1.","exc_notes":[],"syntax_error":null,"is_cause":false,"frames":[{"filename":"/home/airflow/.local/lib/python3.12/site-packages/airflow/sdk/execution_time/task_runner.py","lineno":1263,"name":"run"},{"filename":"/home/airflow/.local/lib/python3.12/site-packages/airflow/sdk/execution_time/task_runner.py","lineno":1678,"name":"_execute_task"},{"filename":"/home/airflow/.local/lib/python3.12/site-packages/airflow/sdk/bases/operator.py","lineno":443,"name":"wrapper"},{"filename":"/home/airflow/.local/lib/python3.12/site-packages/airflow/sdk/bases/decorator.py","lineno":397,"name":"execute"},{"filename":"/home/airflow/.local/lib/python3.12/site-packages/airflow/sdk/bases/operator.py","lineno":443,"name":"wrapper"},{"filename":"/home/airflow/.local/lib/python3.12/site-packages/airflow/providers/standard/operators/python.py","lineno":227,"name":"execute"},{"filename":"/home/airflow/.local/lib/python3.12/site-packages/airflow/providers/standard/operators/python.py","lineno":250,"name":"execute_callable"},{"filename":"/home/airflow/.local/lib/python3.12/site-packages/airflow/sdk/execution_time/callback_runner.py","lineno":97,"name":"run"},{"filename":"/opt/airflow/dags/streaming_with_kafka.py","lineno":332,"name":"submit_spark"},{"filename":"/usr/python/lib/python3.12/subprocess.py","lineno":571,"name":"run"}],"is_group":false,"exceptions":[]}]}
{"timestamp":"2026-04-17T12:50:14.293528Z","level":"error","event":"  File \"/home/airflow/.local/lib/python3.12/site-packages/airflow/providers/celery/executors/celery_executor_utils.py\", line 202, in execute_workload","logger":"task.stderr"}
{"timestamp":"2026-04-17T12:50:14.294081Z","level":"error","event":"    supervise(","logger":"task.stderr"}
{"timestamp":"2026-04-17T12:50:14.294846Z","level":"error","event":"  File \"/home/airflow/.local/lib/python3.12/site-packages/airflow/sdk/execution_time/supervisor.py\", line 2097, in supervise","logger":"task.stderr"}
{"timestamp":"2026-04-17T12:50:14.295450Z","level":"error","event":"    process = ActivitySubprocess.start(","logger":"task.stderr"}
{"timestamp":"2026-04-17T12:50:14.296172Z","level":"error","event":"  File \"/home/airflow/.local/lib/python3.12/site-packages/airflow/sdk/execution_time/supervisor.py\", line 1006, in start","logger":"task.stderr"}
{"timestamp":"2026-04-17T12:50:14.296931Z","level":"error","event":"    proc: Self = super().start(id=what.id, client=client, target=target, logger=logger, **kwargs)","logger":"task.stderr"}
{"timestamp":"2026-04-17T12:50:14.297629Z","level":"error","event":"  File \"/home/airflow/.local/lib/python3.12/site-packages/airflow/sdk/execution_time/supervisor.py\", line 516, in start","logger":"task.stderr"}
{"timestamp":"2026-04-17T12:50:14.298850Z","level":"error","event":"    _fork_main(child_requests, child_stdout, child_stderr, child_logs.fileno(), target)","logger":"task.stderr"}
{"timestamp":"2026-04-17T12:50:14.299539Z","level":"error","event":"  File \"/home/airflow/.local/lib/python3.12/site-packages/airflow/sdk/execution_time/supervisor.py\", line 415, in _fork_main","logger":"task.stderr"}
{"timestamp":"2026-04-17T12:50:14.300174Z","level":"error","event":"    target()","logger":"task.stderr"}
{"timestamp":"2026-04-17T12:50:14.301096Z","level":"error","event":"  File \"/home/airflow/.local/lib/python3.12/site-packages/airflow/sdk/execution_time/supervisor.py\", line 208, in _subprocess_main","logger":"task.stderr"}
{"timestamp":"2026-04-17T12:50:14.301833Z","level":"error","event":"    main()","logger":"task.stderr"}
{"timestamp":"2026-04-17T12:50:14.302322Z","level":"error","event":"  File \"/usr/python/lib/python3.12/contextlib.py\", line 81, in inner","logger":"task.stderr"}
{"timestamp":"2026-04-17T12:50:14.302849Z","level":"error","event":"    return func(*args, **kwds)","logger":"task.stderr"}
{"timestamp":"2026-04-17T12:50:14.303279Z","level":"error","event":"  File \"/home/airflow/.local/lib/python3.12/site-packages/airflow/sdk/execution_time/task_runner.py\", line 1874, in main","logger":"task.stderr"}
{"timestamp":"2026-04-17T12:50:14.303673Z","level":"error","event":"    state, _, error = run(ti, context, log)","logger":"task.stderr"}
{"timestamp":"2026-04-17T12:50:14.304039Z","level":"error","event":"  File \"/home/airflow/.local/lib/python3.12/site-packages/airflow/sdk/execution_time/task_runner.py\", line 1263, in run","logger":"task.stderr"}
{"timestamp":"2026-04-17T12:50:14.304452Z","level":"error","event":"    result = _execute_task(context=context, ti=ti, log=log)","logger":"task.stderr"}
{"timestamp":"2026-04-17T12:50:14.304860Z","level":"error","event":"  File \"/home/airflow/.local/lib/python3.12/site-packages/airflow/sdk/execution_time/task_runner.py\", line 1678, in _execute_task","logger":"task.stderr"}
{"timestamp":"2026-04-17T12:50:14.305266Z","level":"error","event":"    result = ctx.run(execute, context=context)","logger":"task.stderr"}
{"timestamp":"2026-04-17T12:50:14.305589Z","level":"error","event":"  File \"/home/airflow/.local/lib/python3.12/site-packages/airflow/sdk/bases/operator.py\", line 443, in wrapper","logger":"task.stderr"}
{"timestamp":"2026-04-17T12:50:14.305923Z","level":"error","event":"    return func(self, *args, **kwargs)","logger":"task.stderr"}
{"timestamp":"2026-04-17T12:50:14.306356Z","level":"error","event":"  File \"/home/airflow/.local/lib/python3.12/site-packages/airflow/sdk/bases/decorator.py\", line 397, in execute","logger":"task.stderr"}
{"timestamp":"2026-04-17T12:50:14.306727Z","level":"error","event":"    return_value = super().execute(context)","logger":"task.stderr"}
{"timestamp":"2026-04-17T12:50:14.307152Z","level":"error","event":"  File \"/home/airflow/.local/lib/python3.12/site-packages/airflow/sdk/bases/operator.py\", line 443, in wrapper","logger":"task.stderr"}
{"timestamp":"2026-04-17T12:50:14.308011Z","level":"error","event":"    return func(self, *args, **kwargs)","logger":"task.stderr"}
{"timestamp":"2026-04-17T12:50:14.308455Z","level":"error","event":"  File \"/home/airflow/.local/lib/python3.12/site-packages/airflow/providers/standard/operators/python.py\", line 227, in execute","logger":"task.stderr"}
{"timestamp":"2026-04-17T12:50:14.308791Z","level":"error","event":"    return_value = self.execute_callable()","logger":"task.stderr"}
{"timestamp":"2026-04-17T12:50:14.309527Z","level":"error","event":"  File \"/home/airflow/.local/lib/python3.12/site-packages/airflow/providers/standard/operators/python.py\", line 250, in execute_callable","logger":"task.stderr"}
{"timestamp":"2026-04-17T12:50:14.310171Z","level":"error","event":"    return runner.run(*self.op_args, **self.op_kwargs)","logger":"task.stderr"}
{"timestamp":"2026-04-17T12:50:14.310696Z","level":"error","event":"  File \"/home/airflow/.local/lib/python3.12/site-packages/airflow/sdk/execution_time/callback_runner.py\", line 97, in run","logger":"task.stderr"}
{"timestamp":"2026-04-17T12:50:14.311242Z","level":"error","event":"    return func(*args, **kwargs)","logger":"task.stderr"}
{"timestamp":"2026-04-17T12:50:14.311815Z","level":"error","event":"  File \"/opt/airflow/dags/streaming_with_kafka.py\", line 343, in submit_spark","logger":"task.stderr"}
{"timestamp":"2026-04-17T12:50:14.312272Z","level":"error","event":"    logger.error(\"Error\",e.stderr)","logger":"task.stderr"}
{"timestamp":"2026-04-17T12:50:14.312645Z","level":"error","event":"Message: 'Error'","logger":"task.stderr"}
{"timestamp":"2026-04-17T12:50:14.312975Z","level":"error","event":"Arguments: ('failed to connect to the docker API at unix:///var/run/docker.sock; check if the path is correct and if the daemon is running: dial unix /var/run/docker.sock: connect: no such file or directory\\n',)","logger":"task.stderr"}
